This is pdfTeXk, Version 3.141592-1.40.3 (Web2C 7.5.6) (format=pdflatex 2008.8.3)  28 APR 2009 13:23
entering extended mode
 %&-line parsing enabled.
**data_all.tex
(./data_all.tex
LaTeX2e <2005/12/01>
Babel <v3.8h> and hyphenation patterns for english, usenglishmax, dumylang, noh
yphenation, loaded.
(/usr/share/texmf/tex/latex/beamer/base/beamer.cls
(/usr/share/texmf/tex/latex/beamer/base/beamerbasercs.sty
Package: beamerbasercs 2007/01/28 (rcs-revision 1.4)
)
Document Class: beamer 2007/03/11 cvs version 3.07 A class for typesetting pres
entations (rcs-revision 1.70)
(/usr/share/texmf/tex/latex/beamer/base/beamerbasemodes.sty
Package: beamerbasemodes 2007/01/28 (rcs-revision 1.22)
\beamer@tempbox=\box26
\beamer@tempcount=\count79
\c@beamerpauses=\count80

(/usr/share/texmf/tex/latex/beamer/base/beamerbasedecode.sty
Package: beamerbasedecode 2007/01/28 (rcs-revision 1.20)
\beamer@slideinframe=\count81
\beamer@minimum=\count82
)
\beamer@commentbox=\box27
\beamer@modecount=\count83
)
\headheight=\dimen102
\headdp=\dimen103
\footheight=\dimen104
\sidebarheight=\dimen105
\beamer@tempdim=\dimen106
\beamer@finalheight=\dimen107
\beamer@animht=\dimen108
\beamer@animdp=\dimen109
\beamer@animwd=\dimen110
\beamer@leftmargin=\dimen111
\beamer@rightmargin=\dimen112
\beamer@leftsidebar=\dimen113
\beamer@rightsidebar=\dimen114
\beamer@boxsize=\dimen115
\beamer@vboxoffset=\dimen116
\beamer@descdefault=\dimen117
\beamer@descriptionwidth=\dimen118
\beamer@lastskip=\skip41
\beamer@areabox=\box28
\beamer@animcurrent=\box29
\beamer@animshowbox=\box30
\beamer@sectionbox=\box31
\beamer@logobox=\box32
\beamer@linebox=\box33
\beamer@sectioncount=\count84
\beamer@subsubsectionmax=\count85
\beamer@subsectionmax=\count86
\beamer@sectionmax=\count87
\beamer@totalheads=\count88
\beamer@headcounter=\count89
\beamer@partstartpage=\count90
\beamer@sectionstartpage=\count91
\beamer@subsectionstartpage=\count92
\beamer@animationtempa=\count93
\beamer@animationtempb=\count94
\beamer@xpos=\count95
\beamer@ypos=\count96
\beamer@showpartnumber=\count97
\beamer@currentsubsection=\count98
\beamer@coveringdepth=\count99
\beamer@sectionadjust=\count100
\beamer@tocsectionnumber=\count101

(/usr/share/texmf/tex/latex/beamer/base/beamerbaseoptions.sty
Package: beamerbaseoptions 2007/01/28 (rcs-revision 1.8)

(/usr/share/texmf-texlive/tex/latex/graphics/keyval.sty
Package: keyval 1999/03/16 v1.13 key=value parser (DPC)
\KV@toks@=\toks14
))
(/usr/share/texmf/tex/latex/pgf/basiclayer/pgfcore.sty
(/usr/share/texmf-texlive/tex/latex/graphics/graphicx.sty
Package: graphicx 1999/02/16 v1.0f Enhanced LaTeX Graphics (DPC,SPQR)

(/usr/share/texmf-texlive/tex/latex/graphics/graphics.sty
Package: graphics 2006/02/20 v1.0o Standard LaTeX Graphics (DPC,SPQR)

(/usr/share/texmf-texlive/tex/latex/graphics/trig.sty
Package: trig 1999/03/16 v1.09 sin cos tan (DPC)
)
(/etc/texmf/tex/latex/config/graphics.cfg
File: graphics.cfg 2007/01/18 v1.5 graphics configuration of teTeX/TeXLive
)
Package graphics Info: Driver file: pdftex.def on input line 90.

(/usr/share/texmf-texlive/tex/latex/pdftex-def/pdftex.def
File: pdftex.def 2007/01/08 v0.04d Graphics/color for pdfTeX
\Gread@gobject=\count102
))
\Gin@req@height=\dimen119
\Gin@req@width=\dimen120
)
(/usr/share/texmf/tex/latex/pgf/systemlayer/pgfsys.sty
(/usr/share/texmf/tex/latex/pgf/utilities/pgfrcs.sty
(/usr/share/texmf/tex/generic/pgf/utilities/pgfutil-common.tex)
(/usr/share/texmf/tex/generic/pgf/utilities/pgfutil-latex.def)
(/usr/share/texmf/tex/generic/pgf/utilities/pgfrcs.code.tex
Package: pgfrcs 2007/06/08 v1.18 (rcs-revision 1.16)
))
(/usr/share/texmf/tex/generic/pgf/systemlayer/pgfsys.code.tex
Package: pgfsys 2007/06/07 v1.18 (rcs-revision 1.24)
\pgf@x=\dimen121
\pgf@y=\dimen122
\pgf@xa=\dimen123
\pgf@ya=\dimen124
\pgf@xb=\dimen125
\pgf@yb=\dimen126
\pgf@xc=\dimen127
\pgf@yc=\dimen128
\c@pgf@counta=\count103
\c@pgf@countb=\count104
\c@pgf@countc=\count105
\c@pgf@countd=\count106

(/usr/share/texmf/tex/generic/pgf/systemlayer/pgf.cfg
File: pgf.cfg 2007/03/20  (rcs-revision 1.4)
)
Package pgfsys Info: Driver file for pgf: pgfsys-pdftex.def on input line 846.

(/usr/share/texmf/tex/generic/pgf/systemlayer/pgfsys-pdftex.def
File: pgfsys-pdftex.def 2007/06/07  (rcs-revision 1.15)

(/usr/share/texmf/tex/generic/pgf/systemlayer/pgfsys-common-pdf.def
File: pgfsys-common-pdf.def 2006/10/16  (rcs-revision 1.7)
)))
(/usr/share/texmf/tex/generic/pgf/systemlayer/pgfsyssoftpath.code.tex
File: pgfsyssoftpath.code.tex 2007/02/19  (rcs-revision 1.5)
)
(/usr/share/texmf/tex/generic/pgf/systemlayer/pgfsysprotocol.code.tex
File: pgfsysprotocol.code.tex 2006/10/16  (rcs-revision 1.4)
))
(/usr/share/texmf/tex/latex/xcolor/xcolor.sty
Package: xcolor 2007/01/21 v2.11 LaTeX color extensions (UK)

(/etc/texmf/tex/latex/config/color.cfg
File: color.cfg 2007/01/18 v1.5 color configuration of teTeX/TeXLive
)
Package xcolor Info: Driver file: pdftex.def on input line 225.
Package xcolor Info: Model `cmy' substituted by `cmy0' on input line 1337.
Package xcolor Info: Model `hsb' substituted by `rgb' on input line 1341.
Package xcolor Info: Model `RGB' extended on input line 1353.
Package xcolor Info: Model `HTML' substituted by `rgb' on input line 1355.
Package xcolor Info: Model `Hsb' substituted by `hsb' on input line 1356.
Package xcolor Info: Model `tHsb' substituted by `hsb' on input line 1357.
Package xcolor Info: Model `HSB' substituted by `hsb' on input line 1358.
Package xcolor Info: Model `Gray' substituted by `gray' on input line 1359.
Package xcolor Info: Model `wave' substituted by `hsb' on input line 1360.
)
(/usr/share/texmf/tex/generic/pgf/basiclayer/pgfcore.code.tex
Package: pgfcore 2007/03/09 v1.18 (rcs-revision 1.5)

(/usr/share/texmf/tex/generic/pgf/math/pgfmath.code.tex
(/usr/share/texmf/tex/generic/pgf/math/pgfmathcalc.code.tex
(/usr/share/texmf/tex/generic/pgf/math/pgfmathutil.code.tex)
(/usr/share/texmf/tex/generic/pgf/math/pgfmathparser.code.tex
\pgfmath@stack=\toks15
\c@pgfmath@parsecounta=\count107
\c@pgfmath@parsecountb=\count108
\c@pgfmath@parsecountc=\count109
\pgfmath@parsex=\dimen129
)
(/usr/share/texmf/tex/generic/pgf/math/pgfmathoperations.code.tex
(/usr/share/texmf/tex/generic/pgf/math/pgfmathtrig.code.tex)
(/usr/share/texmf/tex/generic/pgf/math/pgfmathrnd.code.tex))
(/usr/share/texmf/tex/generic/pgf/math/pgfmathbase.code.tex)))
(/usr/share/texmf/tex/generic/pgf/basiclayer/pgfcorepoints.code.tex
File: pgfcorepoints.code.tex 2007/04/19  (rcs-revision 1.9)
\pgf@picminx=\dimen130
\pgf@picmaxx=\dimen131
\pgf@picminy=\dimen132
\pgf@picmaxy=\dimen133
\pgf@pathminx=\dimen134
\pgf@pathmaxx=\dimen135
\pgf@pathminy=\dimen136
\pgf@pathmaxy=\dimen137
\pgf@xx=\dimen138
\pgf@xy=\dimen139
\pgf@yx=\dimen140
\pgf@yy=\dimen141
\pgf@zx=\dimen142
\pgf@zy=\dimen143
)
(/usr/share/texmf/tex/generic/pgf/basiclayer/pgfcorepathconstruct.code.tex
File: pgfcorepathconstruct.code.tex 2007/06/07  (rcs-revision 1.9)
\pgf@path@lastx=\dimen144
\pgf@path@lasty=\dimen145
)
(/usr/share/texmf/tex/generic/pgf/basiclayer/pgfcorepathusage.code.tex
File: pgfcorepathusage.code.tex 2007/03/09  (rcs-revision 1.8)
\pgf@shorten@end@additional=\dimen146
\pgf@shorten@start@additional=\dimen147
)
(/usr/share/texmf/tex/generic/pgf/basiclayer/pgfcorescopes.code.tex
File: pgfcorescopes.code.tex 2007/06/07  (rcs-revision 1.24)
\pgfpic=\box34
\pgf@hbox=\box35
\pgf@layerbox@main=\box36
\pgf@picture@serial@count=\count110
)
(/usr/share/texmf/tex/generic/pgf/basiclayer/pgfcoregraphicstate.code.tex
File: pgfcoregraphicstate.code.tex 2007/03/09  (rcs-revision 1.7)
\pgflinewidth=\dimen148
)
(/usr/share/texmf/tex/generic/pgf/basiclayer/pgfcoretransformations.code.tex
File: pgfcoretransformations.code.tex 2007/06/07  (rcs-revision 1.6)
\pgf@pt@x=\dimen149
\pgf@pt@y=\dimen150
\pgf@pt@temp=\dimen151
)
(/usr/share/texmf/tex/generic/pgf/basiclayer/pgfcorequick.code.tex
File: pgfcorequick.code.tex 2006/10/11  (rcs-revision 1.2)
)
(/usr/share/texmf/tex/generic/pgf/basiclayer/pgfcoreobjects.code.tex
File: pgfcoreobjects.code.tex 2006/10/11  (rcs-revision 1.2)
)
(/usr/share/texmf/tex/generic/pgf/basiclayer/pgfcorepathprocessing.code.tex
File: pgfcorepathprocessing.code.tex 2007/03/09  (rcs-revision 1.6)
)
(/usr/share/texmf/tex/generic/pgf/basiclayer/pgfcorearrows.code.tex
File: pgfcorearrows.code.tex 2007/06/07  (rcs-revision 1.8)
)
(/usr/share/texmf/tex/generic/pgf/basiclayer/pgfcoreshade.code.tex
File: pgfcoreshade.code.tex 2007/03/09  (rcs-revision 1.8)
\pgf@max=\dimen152
\pgf@sys@shading@range@num=\count111
)))
(/usr/share/texmf/tex/latex/pgf/basiclayer/pgfbaseimage.sty
(/usr/share/texmf/tex/generic/pgf/basiclayer/pgfbaseimage.code.tex
Package: pgfbaseimage 2007/05/31 v1.18 (rcs-revision 1.7)
\pgfexternal@startupbox=\box37
))
(/usr/share/texmf/tex/latex/pgf/utilities/xxcolor.sty
Package: xxcolor 2003/10/24 ver 0.1
\XC@nummixins=\count112
\XC@countmixins=\count113
)
(/usr/share/texmf-texlive/tex/latex/amsfonts/amssymb.sty
Package: amssymb 2002/01/22 v2.2d

(/usr/share/texmf-texlive/tex/latex/amsfonts/amsfonts.sty
Package: amsfonts 2001/10/25 v2.2f
\@emptytoks=\toks16
\symAMSa=\mathgroup4
\symAMSb=\mathgroup5
LaTeX Font Info:    Overwriting math alphabet `\mathfrak' in version `bold'
(Font)                  U/euf/m/n --> U/euf/b/n on input line 132.
))
(/usr/share/texmf-texlive/tex/latex/geometry/geometry.sty
Package: geometry 2002/07/08 v3.2 Page Geometry
\Gm@cnth=\count114
\Gm@cntv=\count115
\c@Gm@tempcnt=\count116
\Gm@bindingoffset=\dimen153
\Gm@wd@mp=\dimen154
\Gm@odd@mp=\dimen155
\Gm@even@mp=\dimen156
\Gm@dimlist=\toks17
)
(/usr/share/texmf-texlive/tex/latex/hyperref/hyperref.sty
Package: hyperref 2007/02/07 v6.75r Hypertext links for LaTeX
\@linkdim=\dimen157
\Hy@linkcounter=\count117
\Hy@pagecounter=\count118

(/usr/share/texmf-texlive/tex/latex/hyperref/pd1enc.def
File: pd1enc.def 2007/02/07 v6.75r Hyperref: PDFDocEncoding definition (HO)
)
(/etc/texmf/tex/latex/config/hyperref.cfg
File: hyperref.cfg 2002/06/06 v1.2 hyperref configuration of TeXLive
)
(/usr/share/texmf-texlive/tex/latex/oberdiek/kvoptions.sty
Package: kvoptions 2006/08/22 v2.4 Connects package keyval with LaTeX options (
HO)
)
Package hyperref Info: Option `bookmarks' set `true' on input line 2238.
Package hyperref Info: Option `bookmarksopen' set `true' on input line 2238.
Package hyperref Info: Option `implicit' set `false' on input line 2238.
Package hyperref Info: Hyper figures OFF on input line 2288.
Package hyperref Info: Link nesting OFF on input line 2293.
Package hyperref Info: Hyper index ON on input line 2296.
Package hyperref Info: Plain pages OFF on input line 2303.
Package hyperref Info: Backreferencing OFF on input line 2308.

Implicit mode OFF; no redefinition of LaTeX internals
Package hyperref Info: Bookmarks ON on input line 2444.
(/usr/share/texmf-texlive/tex/latex/ltxmisc/url.sty
\Urlmuskip=\muskip10
Package: url 2005/06/27  ver 3.2  Verb mode for urls, etc.
)
LaTeX Info: Redefining \url on input line 2599.
\Fld@menulength=\count119
\Field@Width=\dimen158
\Fld@charsize=\dimen159
\Choice@toks=\toks18
\Field@toks=\toks19
Package hyperref Info: Hyper figures OFF on input line 3102.
Package hyperref Info: Link nesting OFF on input line 3107.
Package hyperref Info: Hyper index ON on input line 3110.
Package hyperref Info: backreferencing OFF on input line 3117.
Package hyperref Info: Link coloring OFF on input line 3122.


Package hyperref Warning: Option `pdfpagelabels' is turned off
(hyperref)                because \thepage is undefined.

Hyperref stopped early
)
*hyperref using default driver hpdftex*
(/usr/share/texmf-texlive/tex/latex/hyperref/hpdftex.def
File: hpdftex.def 2007/02/07 v6.75r Hyperref driver for pdfTeX
\Fld@listcount=\count120
)
(/usr/share/texmf-texlive/tex/latex/base/size11.clo
File: size11.clo 2005/09/16 v1.4f Standard LaTeX file (size option)
)
(/usr/share/texmf/tex/latex/beamer/base/beamerbasecompatibility.sty
Package: beamerbasecompatibility 2007/01/28  (rcs-revision 1.63)
)
(/usr/share/texmf/tex/latex/beamer/base/beamerbasefont.sty
Package: beamerbasefont 2007/01/28  (rcs-revision 1.16)
)
(/usr/share/texmf/tex/latex/beamer/base/beamerbasemisc.sty
Package: beamerbasemisc 2007/01/28  (rcs-revision 1.24)
)
(/usr/share/texmf/tex/latex/beamer/base/beamerbasetwoscreens.sty
Package: beamerbasetwoscreens 2007/01/28  (rcs-revision 1.7)
)
(/usr/share/texmf/tex/latex/beamer/base/beamerbaseoverlay.sty
Package: beamerbaseoverlay 2007/01/28  (rcs-revision 1.50)
\beamer@argscount=\count121
\beamer@lastskipcover=\skip42
\beamer@trivlistdepth=\count122
)
(/usr/share/texmf/tex/latex/beamer/base/beamerbasetitle.sty
Package: beamerbasetitle 2007/01/28  (rcs-revision 1.25)
)
(/usr/share/texmf/tex/latex/beamer/base/beamerbasesection.sty
Package: beamerbasesection 2007/01/28  (rcs-revision 1.21)
\c@lecture=\count123
\c@part=\count124
\c@section=\count125
\c@subsection=\count126
\c@subsubsection=\count127
)
(/usr/share/texmf/tex/latex/beamer/base/beamerbaseframe.sty
Package: beamerbaseframe 2007/01/28  (rcs-revision 1.60)
\beamer@framebox=\box38
\beamer@frametitlebox=\box39
\beamer@zoombox=\box40
\beamer@zoomcount=\count128
\beamer@zoomframecount=\count129
\beamer@frametextheight=\dimen160
\c@subsectionslide=\count130
\beamer@frametopskip=\skip43
\beamer@framebottomskip=\skip44
\beamer@frametopskipautobreak=\skip45
\beamer@framebottomskipautobreak=\skip46
\beamer@envbody=\toks20
\c@framenumber=\count131
)
(/usr/share/texmf/tex/latex/beamer/base/beamerbaseverbatim.sty
Package: beamerbaseverbatim 2007/01/28  (rcs-revision 1.8)
\beamer@verbatimfileout=\write3
)
(/usr/share/texmf/tex/latex/beamer/base/beamerbaseframesize.sty
Package: beamerbaseframesize 2007/01/28  (rcs-revision 1.18)
\beamer@splitbox=\box41
\beamer@autobreakcount=\count132
\beamer@autobreaklastheight=\dimen161
\beamer@frametitletoks=\toks21
\beamer@framesubtitletoks=\toks22
)
(/usr/share/texmf/tex/latex/beamer/base/beamerbaseframecomponents.sty
Package: beamerbaseframecomponents 2007/01/28  (rcs-revision 1.41)
\beamer@footins=\box42
)
(/usr/share/texmf/tex/latex/beamer/base/beamerbasecolor.sty
Package: beamerbasecolor 2007/01/28  (rcs-revision 1.42)
)
(/usr/share/texmf/tex/latex/beamer/base/beamerbasenotes.sty
Package: beamerbasenotes 2007/01/28  (rcs-revision 1.23)
\beamer@frameboxcopy=\box43
)
(/usr/share/texmf/tex/latex/beamer/base/beamerbasetoc.sty
Package: beamerbasetoc 2007/01/28  (rcs-revision 1.21)
)
(/usr/share/texmf/tex/latex/beamer/base/beamerbasetemplates.sty
Package: beamerbasetemplates 2007/01/28  (rcs-revision 1.51)
\beamer@sbttoks=\toks23

(/usr/share/texmf/tex/latex/beamer/base/beamerbaseauxtemplates.sty
Package: beamerbaseauxtemplates 2007/01/28  (rcs-revision 1.28)

(/usr/share/texmf/tex/latex/beamer/base/beamerbaseboxes.sty
Package: beamerbaseboxes 2007/03/11  (rcs-revision 1.32)
\bmb@box=\box44
\bmb@colorbox=\box45
\bmb@boxshadow=\box46
\bmb@boxshadowball=\box47
\bmb@boxshadowballlarge=\box48
\bmb@temp=\dimen162
\bmb@dima=\dimen163
\bmb@dimb=\dimen164
\bmb@prevheight=\dimen165
)
\beamer@blockheadheight=\dimen166
))
(/usr/share/texmf/tex/latex/beamer/base/beamerbaselocalstructure.sty
Package: beamerbaselocalstructure 2007/01/28  (rcs-revision 1.53)

(/usr/share/texmf-texlive/tex/latex/tools/enumerate.sty
Package: enumerate 1999/03/05 v3.00 enumerate extensions (DPC)
\@enLab=\toks24
)
\c@figure=\count133
\c@table=\count134
\abovecaptionskip=\skip47
\belowcaptionskip=\skip48
)
(/usr/share/texmf/tex/latex/beamer/base/beamerbasenavigation.sty
Package: beamerbasenavigation 2007/01/28  (rcs-revision 1.36)
)
(/usr/share/texmf/tex/latex/beamer/base/beamerbasetheorems.sty
Package: beamerbasetheorems 2007/01/28  (rcs-revision 1.10)

(/usr/share/texmf-texlive/tex/latex/amsmath/amsmath.sty
Package: amsmath 2000/07/18 v2.13 AMS math features
\@mathmargin=\skip49

For additional information on amsmath, use the `?' option.
(/usr/share/texmf-texlive/tex/latex/amsmath/amstext.sty
Package: amstext 2000/06/29 v2.01

(/usr/share/texmf-texlive/tex/latex/amsmath/amsgen.sty
File: amsgen.sty 1999/11/30 v2.0
\@emptytoks=\toks25
\ex@=\dimen167
))
(/usr/share/texmf-texlive/tex/latex/amsmath/amsbsy.sty
Package: amsbsy 1999/11/29 v1.2d
\pmbraise@=\dimen168
)
(/usr/share/texmf-texlive/tex/latex/amsmath/amsopn.sty
Package: amsopn 1999/12/14 v2.01 operator names
)
\inf@bad=\count135
LaTeX Info: Redefining \frac on input line 211.
\uproot@=\count136
\leftroot@=\count137
LaTeX Info: Redefining \overline on input line 307.
\classnum@=\count138
\DOTSCASE@=\count139
LaTeX Info: Redefining \ldots on input line 379.
LaTeX Info: Redefining \dots on input line 382.
LaTeX Info: Redefining \cdots on input line 467.
\Mathstrutbox@=\box49
\strutbox@=\box50
\big@size=\dimen169
LaTeX Font Info:    Redeclaring font encoding OML on input line 567.
LaTeX Font Info:    Redeclaring font encoding OMS on input line 568.
\macc@depth=\count140
\c@MaxMatrixCols=\count141
\dotsspace@=\muskip11
\c@parentequation=\count142
\dspbrk@lvl=\count143
\tag@help=\toks26
\row@=\count144
\column@=\count145
\maxfields@=\count146
\andhelp@=\toks27
\eqnshift@=\dimen170
\alignsep@=\dimen171
\tagshift@=\dimen172
\tagwidth@=\dimen173
\totwidth@=\dimen174
\lineht@=\dimen175
\@envbody=\toks28
\multlinegap=\skip50
\multlinetaggap=\skip51
\mathdisplay@stack=\toks29
LaTeX Info: Redefining \[ on input line 2666.
LaTeX Info: Redefining \] on input line 2667.
)
(/usr/share/texmf-texlive/tex/latex/amscls/amsthm.sty
Package: amsthm 2004/08/06 v2.20
\thm@style=\toks30
\thm@bodyfont=\toks31
\thm@headfont=\toks32
\thm@notefont=\toks33
\thm@headpunct=\toks34
\thm@preskip=\skip52
\thm@postskip=\skip53
\thm@headsep=\skip54
\dth@everypar=\toks35
)
\c@theorem=\count147
)
(/usr/share/texmf/tex/latex/beamer/base/beamerbasethemes.sty
Package: beamerbasethemes 2007/01/28  (rcs-revision 1.10)
)
(/usr/share/texmf/tex/latex/beamer/themes/theme/beamerthemedefault.sty
Package: beamerthemedefault 2007/01/28  (rcs-revision 1.7)

(/usr/share/texmf/tex/latex/beamer/themes/font/beamerfontthemedefault.sty
Package: beamerfontthemedefault 2007/01/28  (rcs-revision 1.13)
)
(/usr/share/texmf/tex/latex/beamer/themes/color/beamercolorthemedefault.sty
Package: beamercolorthemedefault 2007/01/28  (rcs-revision 1.28)
)
(/usr/share/texmf/tex/latex/beamer/themes/inner/beamerinnerthemedefault.sty
Package: beamerinnerthemedefault 2007/01/28  (rcs-revision 1.20)
\beamer@dima=\dimen176
\beamer@dimb=\dimen177
)
(/usr/share/texmf/tex/latex/beamer/themes/outer/beamerouterthemedefault.sty
Package: beamerouterthemedefault 2007/01/28  (rcs-revision 1.14)
)))
(/usr/share/texmf-texlive/tex/latex/base/ifthen.sty
Package: ifthen 2001/05/26 v1.1c Standard LaTeX ifthen package (DPC)
)
(/usr/share/texmf-texlive/tex/latex/tools/verbatim.sty
Package: verbatim 2003/08/22 v1.5q LaTeX2e package for verbatim enhancements
\every@verbatim=\toks36
\verbatim@line=\toks37
\verbatim@in@stream=\read1
) (./data_all.aux)
\openout1 = `data_all.aux'.

LaTeX Font Info:    Checking defaults for OML/cmm/m/it on input line 7.
LaTeX Font Info:    ... okay on input line 7.
LaTeX Font Info:    Checking defaults for T1/cmr/m/n on input line 7.
LaTeX Font Info:    ... okay on input line 7.
LaTeX Font Info:    Checking defaults for OT1/cmr/m/n on input line 7.
LaTeX Font Info:    ... okay on input line 7.
LaTeX Font Info:    Checking defaults for OMS/cmsy/m/n on input line 7.
LaTeX Font Info:    ... okay on input line 7.
LaTeX Font Info:    Checking defaults for OMX/cmex/m/n on input line 7.
LaTeX Font Info:    ... okay on input line 7.
LaTeX Font Info:    Checking defaults for U/cmr/m/n on input line 7.
LaTeX Font Info:    ... okay on input line 7.
LaTeX Font Info:    Checking defaults for PD1/pdf/m/n on input line 7.
LaTeX Font Info:    ... okay on input line 7.
-------------------- Geometry parameters
paper: user defined
landscape: --
twocolumn: --
twoside: --
asymmetric: --
h-parts: 28.45274pt, 307.28987pt, 28.45274pt
v-parts: 0.0pt, 273.14662pt, 0.0pt
hmarginratio: --
vmarginratio: --
lines: --
heightrounded: --
bindingoffset: 0.0pt
truedimen: --
includehead: true
includefoot: true
includemp: --
driver: pdftex
-------------------- Page layout dimensions and switches
\paperwidth  364.19536pt
\paperheight 273.14662pt
\textwidth  307.28987pt
\textheight 244.6939pt
\oddsidemargin  -43.81725pt
\evensidemargin -43.81725pt
\topmargin  -72.26999pt
\headheight 14.22636pt
\headsep    0.0pt
\footskip   14.22636pt
\marginparwidth 4.0pt
\marginparsep   10.0pt
\columnsep  10.0pt
\skip\footins  10.0pt plus 4.0pt minus 2.0pt
\hoffset 0.0pt
\voffset 0.0pt
\mag 1000

(1in=72.27pt, 1cm=28.45pt)
-----------------------
Package hyperref Info: Link coloring OFF on input line 7.

(/usr/share/texmf-texlive/tex/latex/hyperref/nameref.sty
Package: nameref 2006/12/27 v2.28 Cross-referencing by name of section

(/usr/share/texmf-texlive/tex/latex/oberdiek/refcount.sty
Package: refcount 2006/02/20 v3.0 Data extraction from references (HO)
)
\c@section@level=\count148
)
LaTeX Info: Redefining \ref on input line 7.
LaTeX Info: Redefining \pageref on input line 7.
 (./data_all.out)
(./data_all.out)
\@outlinefile=\write4
\openout4 = `data_all.out'.

LaTeX Font Info:    Overwriting symbol font `operators' in version `normal'
(Font)                  OT1/cmr/m/n --> OT1/cmss/m/n on input line 7.
LaTeX Font Info:    Overwriting symbol font `operators' in version `bold'
(Font)                  OT1/cmr/bx/n --> OT1/cmss/bx/n on input line 7.
\symnumbers=\mathgroup6
\sympureletters=\mathgroup7
LaTeX Font Info:    Overwriting math alphabet `\mathrm' in version `normal'
(Font)                  OT1/cmss/m/n --> OT1/cmr/m/n on input line 7.
LaTeX Font Info:    Redeclaring math alphabet \mathbf on input line 7.
LaTeX Font Info:    Overwriting math alphabet `\mathbf' in version `normal'
(Font)                  OT1/cmr/bx/n --> OT1/cmss/bx/n on input line 7.
LaTeX Font Info:    Overwriting math alphabet `\mathbf' in version `bold'
(Font)                  OT1/cmr/bx/n --> OT1/cmss/bx/n on input line 7.
LaTeX Font Info:    Redeclaring math alphabet \mathsf on input line 7.
LaTeX Font Info:    Overwriting math alphabet `\mathsf' in version `normal'
(Font)                  OT1/cmss/m/n --> OT1/cmss/m/n on input line 7.
LaTeX Font Info:    Overwriting math alphabet `\mathsf' in version `bold'
(Font)                  OT1/cmss/bx/n --> OT1/cmss/m/n on input line 7.
LaTeX Font Info:    Redeclaring math alphabet \mathit on input line 7.
LaTeX Font Info:    Overwriting math alphabet `\mathit' in version `normal'
(Font)                  OT1/cmr/m/it --> OT1/cmss/m/it on input line 7.
LaTeX Font Info:    Overwriting math alphabet `\mathit' in version `bold'
(Font)                  OT1/cmr/bx/it --> OT1/cmss/m/it on input line 7.
LaTeX Font Info:    Redeclaring math alphabet \mathtt on input line 7.
LaTeX Font Info:    Overwriting math alphabet `\mathtt' in version `normal'
(Font)                  OT1/cmtt/m/n --> OT1/cmtt/m/n on input line 7.
LaTeX Font Info:    Overwriting math alphabet `\mathtt' in version `bold'
(Font)                  OT1/cmtt/m/n --> OT1/cmtt/m/n on input line 7.
LaTeX Font Info:    Overwriting symbol font `numbers' in version `bold'
(Font)                  OT1/cmss/m/n --> OT1/cmss/bx/n on input line 7.
LaTeX Font Info:    Overwriting symbol font `pureletters' in version `bold'
(Font)                  OT1/cmss/m/it --> OT1/cmss/bx/it on input line 7.
LaTeX Font Info:    Overwriting math alphabet `\mathrm' in version `bold'
(Font)                  OT1/cmss/bx/n --> OT1/cmr/bx/n on input line 7.
LaTeX Font Info:    Overwriting math alphabet `\mathbf' in version `bold'
(Font)                  OT1/cmss/bx/n --> OT1/cmss/bx/n on input line 7.
LaTeX Font Info:    Overwriting math alphabet `\mathsf' in version `bold'
(Font)                  OT1/cmss/m/n --> OT1/cmss/bx/n on input line 7.
LaTeX Font Info:    Overwriting math alphabet `\mathit' in version `bold'
(Font)                  OT1/cmss/m/it --> OT1/cmss/bx/it on input line 7.
LaTeX Font Info:    Overwriting math alphabet `\mathtt' in version `bold'
(Font)                  OT1/cmtt/m/n --> OT1/cmtt/bx/n on input line 7.
 (./data_all.nav)
<data_all_xA1.pdf, id=11, 306.14375pt x 569.12625pt>
File: data_all_xA1.pdf Graphic file (type pdf)
 <use data_all_xA1.pdf>

LaTeX Font Warning: Font shape `OT1/cmss/m/n' in size <4> not available
(Font)              size <5> substituted on input line 13.

[1

{/var/lib/texmf/fonts/map/pdftex/updmap/pdftex.map} <./data_all_xA1.pdf>]
<data_all_xA2.pdf, id=63, 306.14375pt x 569.12625pt>
File: data_all_xA2.pdf Graphic file (type pdf)
 <use data_all_xA2.pdf>
[2

 <./data_all_xA2.pdf>] <data_all_xA3.pdf, id=112, 306.14375pt x 569.12625pt>
File: data_all_xA3.pdf Graphic file (type pdf)

<use data_all_xA3.pdf> [3

 <./data_all_xA3.pdf>]
<data_all_xA4.pdf, id=161, 306.14375pt x 569.12625pt>
File: data_all_xA4.pdf Graphic file (type pdf)
 <use data_all_xA4.pdf>
[4

 <./data_all_xA4.pdf>] <data_all_xB1.pdf, id=210, 306.14375pt x 569.12625pt>
File: data_all_xB1.pdf Graphic file (type pdf)

<use data_all_xB1.pdf> [5

 <./data_all_xB1.pdf>]
<data_all_xB2.pdf, id=259, 306.14375pt x 569.12625pt>
File: data_all_xB2.pdf Graphic file (type pdf)
 <use data_all_xB2.pdf>
[6

 <./data_all_xB2.pdf>] <data_all_xB3.pdf, id=308, 306.14375pt x 569.12625pt>
File: data_all_xB3.pdf Graphic file (type pdf)

<use data_all_xB3.pdf> [7

 <./data_all_xB3.pdf>]
<data_all_xB4.pdf, id=358, 306.14375pt x 569.12625pt>
File: data_all_xB4.pdf Graphic file (type pdf)
 <use data_all_xB4.pdf>
[8

 <./data_all_xB4.pdf>] <data_all_xC1.pdf, id=407, 306.14375pt x 569.12625pt>
File: data_all_xC1.pdf Graphic file (type pdf)

<use data_all_xC1.pdf> [9

 <./data_all_xC1.pdf>]
<data_all_xC2.pdf, id=456, 306.14375pt x 569.12625pt>
File: data_all_xC2.pdf Graphic file (type pdf)
 <use data_all_xC2.pdf>
[10

 <./data_all_xC2.pdf>]
<data_all_xC3.pdf, id=505, 306.14375pt x 569.12625pt>
File: data_all_xC3.pdf Graphic file (type pdf)
 <use data_all_xC3.pdf>
[11

 <./data_all_xC3.pdf>]
<data_all_xC4.pdf, id=554, 306.14375pt x 569.12625pt>
File: data_all_xC4.pdf Graphic file (type pdf)
 <use data_all_xC4.pdf>
[12

 <./data_all_xC4.pdf>]
<data_all_xD1.pdf, id=603, 306.14375pt x 569.12625pt>
File: data_all_xD1.pdf Graphic file (type pdf)
 <use data_all_xD1.pdf>
[13

 <./data_all_xD1.pdf>]
<data_all_xD2.pdf, id=653, 306.14375pt x 569.12625pt>
File: data_all_xD2.pdf Graphic file (type pdf)
 <use data_all_xD2.pdf>
[14

 <./data_all_xD2.pdf>]
<data_all_xD3.pdf, id=702, 306.14375pt x 569.12625pt>
File: data_all_xD3.pdf Graphic file (type pdf)
 <use data_all_xD3.pdf>
[15

 <./data_all_xD3.pdf>]
<data_all_xD4.pdf, id=751, 306.14375pt x 569.12625pt>
File: data_all_xD4.pdf Graphic file (type pdf)
 <use data_all_xD4.pdf>
[16

 <./data_all_xD4.pdf>]
<data_all_xE1.pdf, id=800, 306.14375pt x 569.12625pt>
File: data_all_xE1.pdf Graphic file (type pdf)
 <use data_all_xE1.pdf>
[17

 <./data_all_xE1.pdf>]
<data_all_xE2.pdf, id=849, 306.14375pt x 569.12625pt>
File: data_all_xE2.pdf Graphic file (type pdf)
 <use data_all_xE2.pdf>
[18

 <./data_all_xE2.pdf>]
<data_all_xE3.pdf, id=898, 306.14375pt x 569.12625pt>
File: data_all_xE3.pdf Graphic file (type pdf)
 <use data_all_xE3.pdf>
[19

 <./data_all_xE3.pdf>]
<data_all_xE4.pdf, id=948, 306.14375pt x 569.12625pt>
File: data_all_xE4.pdf Graphic file (type pdf)
 <use data_all_xE4.pdf>
[20

 <./data_all_xE4.pdf>]
<data_all_yA1.pdf, id=997, 306.14375pt x 569.12625pt>
File: data_all_yA1.pdf Graphic file (type pdf)
 <use data_all_yA1.pdf>
[21

 <./data_all_yA1.pdf>]
<data_all_yA2.pdf, id=1046, 306.14375pt x 569.12625pt>
File: data_all_yA2.pdf Graphic file (type pdf)
 <use data_all_yA2.pdf>
[22

 <./data_all_yA2.pdf>]
<data_all_yA3.pdf, id=1095, 306.14375pt x 569.12625pt>
File: data_all_yA3.pdf Graphic file (type pdf)
 <use data_all_yA3.pdf>
[23

 <./data_all_yA3.pdf>]
<data_all_yA4.pdf, id=1144, 306.14375pt x 569.12625pt>
File: data_all_yA4.pdf Graphic file (type pdf)
 <use data_all_yA4.pdf>
[24

 <./data_all_yA4.pdf>]
<data_all_yB1.pdf, id=1193, 306.14375pt x 569.12625pt>
File: data_all_yB1.pdf Graphic file (type pdf)
 <use data_all_yB1.pdf>
[25

 <./data_all_yB1.pdf>]
<data_all_yB2.pdf, id=1243, 306.14375pt x 569.12625pt>
File: data_all_yB2.pdf Graphic file (type pdf)
 <use data_all_yB2.pdf>
[26

 <./data_all_yB2.pdf>]
<data_all_yB3.pdf, id=1292, 306.14375pt x 569.12625pt>
File: data_all_yB3.pdf Graphic file (type pdf)
 <use data_all_yB3.pdf>
[27

 <./data_all_yB3.pdf>]
<data_all_yB4.pdf, id=1341, 306.14375pt x 569.12625pt>
File: data_all_yB4.pdf Graphic file (type pdf)
 <use data_all_yB4.pdf>
[28

 <./data_all_yB4.pdf>]
<data_all_yC1.pdf, id=1390, 306.14375pt x 569.12625pt>
File: data_all_yC1.pdf Graphic file (type pdf)
 <use data_all_yC1.pdf>
[29

 <./data_all_yC1.pdf>]
<data_all_yC2.pdf, id=1439, 306.14375pt x 569.12625pt>
File: data_all_yC2.pdf Graphic file (type pdf)
 <use data_all_yC2.pdf>
[30

 <./data_all_yC2.pdf>]
<data_all_yC3.pdf, id=1488, 306.14375pt x 569.12625pt>
File: data_all_yC3.pdf Graphic file (type pdf)
 <use data_all_yC3.pdf>
[31

 <./data_all_yC3.pdf>]
<data_all_yC4.pdf, id=1538, 306.14375pt x 569.12625pt>
File: data_all_yC4.pdf Graphic file (type pdf)
 <use data_all_yC4.pdf>
[32

 <./data_all_yC4.pdf>]
<data_all_yD1.pdf, id=1587, 306.14375pt x 569.12625pt>
File: data_all_yD1.pdf Graphic file (type pdf)
 <use data_all_yD1.pdf>
[33

 <./data_all_yD1.pdf>]
<data_all_yD2.pdf, id=1636, 306.14375pt x 569.12625pt>
File: data_all_yD2.pdf Graphic file (type pdf)
 <use data_all_yD2.pdf>
[34

 <./data_all_yD2.pdf>]
<data_all_yD3.pdf, id=1685, 306.14375pt x 569.12625pt>
File: data_all_yD3.pdf Graphic file (type pdf)
 <use data_all_yD3.pdf>
[35

 <./data_all_yD3.pdf>]
<data_all_yD4.pdf, id=1734, 306.14375pt x 569.12625pt>
File: data_all_yD4.pdf Graphic file (type pdf)
 <use data_all_yD4.pdf>
[36

 <./data_all_yD4.pdf>]
<data_all_yE1.pdf, id=1783, 306.14375pt x 569.12625pt>
File: data_all_yE1.pdf Graphic file (type pdf)
 <use data_all_yE1.pdf>
[37

 <./data_all_yE1.pdf>]
<data_all_yE2.pdf, id=1833, 306.14375pt x 569.12625pt>
File: data_all_yE2.pdf Graphic file (type pdf)
 <use data_all_yE2.pdf>
[38

 <./data_all_yE2.pdf>]
<data_all_yE3.pdf, id=1882, 306.14375pt x 569.12625pt>
File: data_all_yE3.pdf Graphic file (type pdf)
 <use data_all_yE3.pdf>
[39

 <./data_all_yE3.pdf>]
<data_all_yE4.pdf, id=1931, 306.14375pt x 569.12625pt>
File: data_all_yE4.pdf Graphic file (type pdf)
 <use data_all_yE4.pdf>
[40

 <./data_all_yE4.pdf>]
<data_all_phixA1.pdf, id=1980, 306.14375pt x 569.12625pt>
File: data_all_phixA1.pdf Graphic file (type pdf)

<use data_all_phixA1.pdf> [41

 <./data_all_phixA1.pdf>]
<data_all_phixA2.pdf, id=2029, 306.14375pt x 569.12625pt>
File: data_all_phixA2.pdf Graphic file (type pdf)

<use data_all_phixA2.pdf> [42

 <./data_all_phixA2.pdf>]
<data_all_phixA3.pdf, id=2078, 306.14375pt x 569.12625pt>
File: data_all_phixA3.pdf Graphic file (type pdf)

<use data_all_phixA3.pdf> [43

 <./data_all_phixA3.pdf>]
<data_all_phixA4.pdf, id=2128, 306.14375pt x 569.12625pt>
File: data_all_phixA4.pdf Graphic file (type pdf)

<use data_all_phixA4.pdf> [44

 <./data_all_phixA4.pdf>]
<data_all_phixB1.pdf, id=2177, 306.14375pt x 569.12625pt>
File: data_all_phixB1.pdf Graphic file (type pdf)

<use data_all_phixB1.pdf> [45

 <./data_all_phixB1.pdf>]
<data_all_phixB2.pdf, id=2226, 306.14375pt x 569.12625pt>
File: data_all_phixB2.pdf Graphic file (type pdf)

<use data_all_phixB2.pdf> [46

 <./data_all_phixB2.pdf>]
<data_all_phixB3.pdf, id=2275, 306.14375pt x 569.12625pt>
File: data_all_phixB3.pdf Graphic file (type pdf)

<use data_all_phixB3.pdf> [47

 <./data_all_phixB3.pdf>]
<data_all_phixB4.pdf, id=2324, 306.14375pt x 569.12625pt>
File: data_all_phixB4.pdf Graphic file (type pdf)

<use data_all_phixB4.pdf> [48

 <./data_all_phixB4.pdf>]
<data_all_phixC1.pdf, id=2373, 306.14375pt x 569.12625pt>
File: data_all_phixC1.pdf Graphic file (type pdf)

<use data_all_phixC1.pdf> [49

 <./data_all_phixC1.pdf>]
<data_all_phixC2.pdf, id=2423, 306.14375pt x 569.12625pt>
File: data_all_phixC2.pdf Graphic file (type pdf)

<use data_all_phixC2.pdf> [50

 <./data_all_phixC2.pdf>]
<data_all_phixC3.pdf, id=2472, 306.14375pt x 569.12625pt>
File: data_all_phixC3.pdf Graphic file (type pdf)

<use data_all_phixC3.pdf> [51

 <./data_all_phixC3.pdf>]
<data_all_phixC4.pdf, id=2521, 306.14375pt x 569.12625pt>
File: data_all_phixC4.pdf Graphic file (type pdf)

<use data_all_phixC4.pdf> [52

 <./data_all_phixC4.pdf>]
<data_all_phixD1.pdf, id=2570, 306.14375pt x 569.12625pt>
File: data_all_phixD1.pdf Graphic file (type pdf)

<use data_all_phixD1.pdf> [53

 <./data_all_phixD1.pdf>]
<data_all_phixD2.pdf, id=2619, 306.14375pt x 569.12625pt>
File: data_all_phixD2.pdf Graphic file (type pdf)

<use data_all_phixD2.pdf> [54

 <./data_all_phixD2.pdf>]
<data_all_phixD3.pdf, id=2668, 306.14375pt x 569.12625pt>
File: data_all_phixD3.pdf Graphic file (type pdf)

<use data_all_phixD3.pdf> [55

 <./data_all_phixD3.pdf>]
<data_all_phixD4.pdf, id=2718, 306.14375pt x 569.12625pt>
File: data_all_phixD4.pdf Graphic file (type pdf)

<use data_all_phixD4.pdf> [56

 <./data_all_phixD4.pdf>]
<data_all_phixE1.pdf, id=2767, 306.14375pt x 569.12625pt>
File: data_all_phixE1.pdf Graphic file (type pdf)

<use data_all_phixE1.pdf> [57

 <./data_all_phixE1.pdf>]
<data_all_phixE2.pdf, id=2816, 306.14375pt x 569.12625pt>
File: data_all_phixE2.pdf Graphic file (type pdf)

<use data_all_phixE2.pdf> [58

 <./data_all_phixE2.pdf>]
<data_all_phixE3.pdf, id=2865, 306.14375pt x 569.12625pt>
File: data_all_phixE3.pdf Graphic file (type pdf)

<use data_all_phixE3.pdf> [59

 <./data_all_phixE3.pdf>]
<data_all_phixE4.pdf, id=2914, 306.14375pt x 569.12625pt>
File: data_all_phixE4.pdf Graphic file (type pdf)

<use data_all_phixE4.pdf> [60

 <./data_all_phixE4.pdf>]
<data_all_phiyA1.pdf, id=2963, 306.14375pt x 569.12625pt>
File: data_all_phiyA1.pdf Graphic file (type pdf)

<use data_all_phiyA1.pdf> [61

 <./data_all_phiyA1.pdf>]
<data_all_phiyA2.pdf, id=3013, 306.14375pt x 569.12625pt>
File: data_all_phiyA2.pdf Graphic file (type pdf)

<use data_all_phiyA2.pdf> [62

 <./data_all_phiyA2.pdf>]
<data_all_phiyA3.pdf, id=3062, 306.14375pt x 569.12625pt>
File: data_all_phiyA3.pdf Graphic file (type pdf)

<use data_all_phiyA3.pdf> [63

 <./data_all_phiyA3.pdf>]
<data_all_phiyA4.pdf, id=3111, 306.14375pt x 569.12625pt>
File: data_all_phiyA4.pdf Graphic file (type pdf)

<use data_all_phiyA4.pdf> [64

 <./data_all_phiyA4.pdf>]
<data_all_phiyB1.pdf, id=3160, 306.14375pt x 569.12625pt>
File: data_all_phiyB1.pdf Graphic file (type pdf)

<use data_all_phiyB1.pdf> [65

 <./data_all_phiyB1.pdf>]
<data_all_phiyB2.pdf, id=3209, 306.14375pt x 569.12625pt>
File: data_all_phiyB2.pdf Graphic file (type pdf)

<use data_all_phiyB2.pdf> [66

 <./data_all_phiyB2.pdf>]
<data_all_phiyB3.pdf, id=3258, 306.14375pt x 569.12625pt>
File: data_all_phiyB3.pdf Graphic file (type pdf)

<use data_all_phiyB3.pdf> [67

 <./data_all_phiyB3.pdf>]
<data_all_phiyB4.pdf, id=3308, 306.14375pt x 569.12625pt>
File: data_all_phiyB4.pdf Graphic file (type pdf)

<use data_all_phiyB4.pdf> [68

 <./data_all_phiyB4.pdf>]
<data_all_phiyC1.pdf, id=3357, 306.14375pt x 569.12625pt>
File: data_all_phiyC1.pdf Graphic file (type pdf)

<use data_all_phiyC1.pdf> [69

 <./data_all_phiyC1.pdf>]
<data_all_phiyC2.pdf, id=3406, 306.14375pt x 569.12625pt>
File: data_all_phiyC2.pdf Graphic file (type pdf)

<use data_all_phiyC2.pdf> [70

 <./data_all_phiyC2.pdf>]
<data_all_phiyC3.pdf, id=3455, 306.14375pt x 569.12625pt>
File: data_all_phiyC3.pdf Graphic file (type pdf)

<use data_all_phiyC3.pdf> [71

 <./data_all_phiyC3.pdf>]
<data_all_phiyC4.pdf, id=3504, 306.14375pt x 569.12625pt>
File: data_all_phiyC4.pdf Graphic file (type pdf)

<use data_all_phiyC4.pdf> [72

 <./data_all_phiyC4.pdf>]
<data_all_phiyD1.pdf, id=3553, 306.14375pt x 569.12625pt>
File: data_all_phiyD1.pdf Graphic file (type pdf)

<use data_all_phiyD1.pdf> [73

 <./data_all_phiyD1.pdf>]
<data_all_phiyD2.pdf, id=3603, 306.14375pt x 569.12625pt>
File: data_all_phiyD2.pdf Graphic file (type pdf)

<use data_all_phiyD2.pdf> [74

 <./data_all_phiyD2.pdf>]
<data_all_phiyD3.pdf, id=3652, 306.14375pt x 569.12625pt>
File: data_all_phiyD3.pdf Graphic file (type pdf)

<use data_all_phiyD3.pdf> [75

 <./data_all_phiyD3.pdf>]
<data_all_phiyD4.pdf, id=3701, 306.14375pt x 569.12625pt>
File: data_all_phiyD4.pdf Graphic file (type pdf)

<use data_all_phiyD4.pdf> [76

 <./data_all_phiyD4.pdf>]
<data_all_phiyE1.pdf, id=3750, 306.14375pt x 569.12625pt>
File: data_all_phiyE1.pdf Graphic file (type pdf)

<use data_all_phiyE1.pdf> [77

 <./data_all_phiyE1.pdf>]
<data_all_phiyE2.pdf, id=3799, 306.14375pt x 569.12625pt>
File: data_all_phiyE2.pdf Graphic file (type pdf)

<use data_all_phiyE2.pdf> [78

 <./data_all_phiyE2.pdf>]
<data_all_phiyE3.pdf, id=3848, 306.14375pt x 569.12625pt>
File: data_all_phiyE3.pdf Graphic file (type pdf)

<use data_all_phiyE3.pdf> [79

 <./data_all_phiyE3.pdf>]
<data_all_phiyE4.pdf, id=3898, 306.14375pt x 569.12625pt>
File: data_all_phiyE4.pdf Graphic file (type pdf)

<use data_all_phiyE4.pdf> [80

 <./data_all_phiyE4.pdf>]
<data_all_phizA1.pdf, id=3947, 306.14375pt x 569.12625pt>
File: data_all_phizA1.pdf Graphic file (type pdf)

<use data_all_phizA1.pdf> [81

 <./data_all_phizA1.pdf>]
<data_all_phizA2.pdf, id=3996, 306.14375pt x 569.12625pt>
File: data_all_phizA2.pdf Graphic file (type pdf)

<use data_all_phizA2.pdf> [82

 <./data_all_phizA2.pdf>]
<data_all_phizA3.pdf, id=4045, 306.14375pt x 569.12625pt>
File: data_all_phizA3.pdf Graphic file (type pdf)

<use data_all_phizA3.pdf> [83

 <./data_all_phizA3.pdf>]
<data_all_phizA4.pdf, id=4094, 306.14375pt x 569.12625pt>
File: data_all_phizA4.pdf Graphic file (type pdf)

<use data_all_phizA4.pdf> [84

 <./data_all_phizA4.pdf>]
<data_all_phizB1.pdf, id=4143, 306.14375pt x 569.12625pt>
File: data_all_phizB1.pdf Graphic file (type pdf)

<use data_all_phizB1.pdf> [85

 <./data_all_phizB1.pdf>]
<data_all_phizB2.pdf, id=4193, 306.14375pt x 569.12625pt>
File: data_all_phizB2.pdf Graphic file (type pdf)

<use data_all_phizB2.pdf> [86

 <./data_all_phizB2.pdf>]
<data_all_phizB3.pdf, id=4242, 306.14375pt x 569.12625pt>
File: data_all_phizB3.pdf Graphic file (type pdf)

<use data_all_phizB3.pdf> [87

 <./data_all_phizB3.pdf>]
<data_all_phizB4.pdf, id=4291, 306.14375pt x 569.12625pt>
File: data_all_phizB4.pdf Graphic file (type pdf)

<use data_all_phizB4.pdf> [88

 <./data_all_phizB4.pdf>]
<data_all_phizC1.pdf, id=4340, 306.14375pt x 569.12625pt>
File: data_all_phizC1.pdf Graphic file (type pdf)

<use data_all_phizC1.pdf> [89

 <./data_all_phizC1.pdf>]
<data_all_phizC2.pdf, id=4389, 306.14375pt x 569.12625pt>
File: data_all_phizC2.pdf Graphic file (type pdf)

<use data_all_phizC2.pdf> [90

 <./data_all_phizC2.pdf>]
<data_all_phizC3.pdf, id=4438, 306.14375pt x 569.12625pt>
File: data_all_phizC3.pdf Graphic file (type pdf)

<use data_all_phizC3.pdf> [91

 <./data_all_phizC3.pdf>]
<data_all_phizC4.pdf, id=4488, 306.14375pt x 569.12625pt>
File: data_all_phizC4.pdf Graphic file (type pdf)

<use data_all_phizC4.pdf> [92

 <./data_all_phizC4.pdf>]
<data_all_phizD1.pdf, id=4537, 306.14375pt x 569.12625pt>
File: data_all_phizD1.pdf Graphic file (type pdf)

<use data_all_phizD1.pdf> [93

 <./data_all_phizD1.pdf>]
<data_all_phizD2.pdf, id=4586, 306.14375pt x 569.12625pt>
File: data_all_phizD2.pdf Graphic file (type pdf)

<use data_all_phizD2.pdf> [94

 <./data_all_phizD2.pdf>]
<data_all_phizD3.pdf, id=4635, 306.14375pt x 569.12625pt>
File: data_all_phizD3.pdf Graphic file (type pdf)

<use data_all_phizD3.pdf> [95

 <./data_all_phizD3.pdf>]
<data_all_phizD4.pdf, id=4684, 306.14375pt x 569.12625pt>
File: data_all_phizD4.pdf Graphic file (type pdf)

<use data_all_phizD4.pdf> [96

 <./data_all_phizD4.pdf>]
<data_all_phizE1.pdf, id=4733, 306.14375pt x 569.12625pt>
File: data_all_phizE1.pdf Graphic file (type pdf)

<use data_all_phizE1.pdf> [97

 <./data_all_phizE1.pdf>]
<data_all_phizE2.pdf, id=4783, 306.14375pt x 569.12625pt>
File: data_all_phizE2.pdf Graphic file (type pdf)

<use data_all_phizE2.pdf> [98

 <./data_all_phizE2.pdf>]
<data_all_phizE3.pdf, id=4832, 306.14375pt x 569.12625pt>
File: data_all_phizE3.pdf Graphic file (type pdf)

<use data_all_phizE3.pdf> [99

 <./data_all_phizE3.pdf>]
<data_all_phizE4.pdf, id=4881, 306.14375pt x 569.12625pt>
File: data_all_phizE4.pdf Graphic file (type pdf)

<use data_all_phizE4.pdf> [100

 <./data_all_phizE4.pdf>]
\tf@nav=\write5
\openout5 = `data_all.nav'.

\tf@toc=\write6
\openout6 = `data_all.toc'.

\tf@snm=\write7
\openout7 = `data_all.snm'.

 (./data_all.aux)

LaTeX Font Warning: Size substitutions with differences
(Font)              up to 1.0pt have occurred.

 ) 
Here is how much of TeX's memory you used:
 12227 strings out of 95086
 212261 string characters out of 1183256
 261962 words of memory out of 1500000
 14864 multiletter control sequences out of 10000+50000
 5458 words of font info for 20 fonts, out of 1200000 for 2000
 28 hyphenation exceptions out of 8191
 41i,11n,51p,344b,372s stack positions out of 5000i,500n,6000p,200000b,5000s
</usr/share/texmf-texlive/fonts/type1/bluesky/cm/cmss12.pfb></usr/share/texmf
-texlive/fonts/type1/bluesky/cm/cmss9.pfb>
Output written on data_all.pdf (100 pages, 1436744 bytes).
PDF statistics:
 4983 PDF objects out of 5155 (max. 8388607)
 201 named destinations out of 1000 (max. 131072)
 537 words of extra memory for PDF output out of 10000 (max. 10000000)

