This is pdfTeXk, Version 3.141592-1.40.3 (Web2C 7.5.6) (format=pdflatex 2008.8.3)  20 MAY 2009 15:34
entering extended mode
 %&-line parsing enabled.
**data_fits.tex
(./data_fits.tex
LaTeX2e <2005/12/01>
Babel <v3.8h> and hyphenation patterns for english, usenglishmax, dumylang, noh
yphenation, loaded.
(/usr/share/texmf/tex/latex/beamer/base/beamer.cls
(/usr/share/texmf/tex/latex/beamer/base/beamerbasercs.sty
Package: beamerbasercs 2007/01/28 (rcs-revision 1.4)
)
Document Class: beamer 2007/03/11 cvs version 3.07 A class for typesetting pres
entations (rcs-revision 1.70)
(/usr/share/texmf/tex/latex/beamer/base/beamerbasemodes.sty
Package: beamerbasemodes 2007/01/28 (rcs-revision 1.22)
\beamer@tempbox=\box26
\beamer@tempcount=\count79
\c@beamerpauses=\count80

(/usr/share/texmf/tex/latex/beamer/base/beamerbasedecode.sty
Package: beamerbasedecode 2007/01/28 (rcs-revision 1.20)
\beamer@slideinframe=\count81
\beamer@minimum=\count82
)
\beamer@commentbox=\box27
\beamer@modecount=\count83
)
\headheight=\dimen102
\headdp=\dimen103
\footheight=\dimen104
\sidebarheight=\dimen105
\beamer@tempdim=\dimen106
\beamer@finalheight=\dimen107
\beamer@animht=\dimen108
\beamer@animdp=\dimen109
\beamer@animwd=\dimen110
\beamer@leftmargin=\dimen111
\beamer@rightmargin=\dimen112
\beamer@leftsidebar=\dimen113
\beamer@rightsidebar=\dimen114
\beamer@boxsize=\dimen115
\beamer@vboxoffset=\dimen116
\beamer@descdefault=\dimen117
\beamer@descriptionwidth=\dimen118
\beamer@lastskip=\skip41
\beamer@areabox=\box28
\beamer@animcurrent=\box29
\beamer@animshowbox=\box30
\beamer@sectionbox=\box31
\beamer@logobox=\box32
\beamer@linebox=\box33
\beamer@sectioncount=\count84
\beamer@subsubsectionmax=\count85
\beamer@subsectionmax=\count86
\beamer@sectionmax=\count87
\beamer@totalheads=\count88
\beamer@headcounter=\count89
\beamer@partstartpage=\count90
\beamer@sectionstartpage=\count91
\beamer@subsectionstartpage=\count92
\beamer@animationtempa=\count93
\beamer@animationtempb=\count94
\beamer@xpos=\count95
\beamer@ypos=\count96
\beamer@showpartnumber=\count97
\beamer@currentsubsection=\count98
\beamer@coveringdepth=\count99
\beamer@sectionadjust=\count100
\beamer@tocsectionnumber=\count101

(/usr/share/texmf/tex/latex/beamer/base/beamerbaseoptions.sty
Package: beamerbaseoptions 2007/01/28 (rcs-revision 1.8)

(/usr/share/texmf-texlive/tex/latex/graphics/keyval.sty
Package: keyval 1999/03/16 v1.13 key=value parser (DPC)
\KV@toks@=\toks14
))
(/usr/share/texmf/tex/latex/pgf/basiclayer/pgfcore.sty
(/usr/share/texmf-texlive/tex/latex/graphics/graphicx.sty
Package: graphicx 1999/02/16 v1.0f Enhanced LaTeX Graphics (DPC,SPQR)

(/usr/share/texmf-texlive/tex/latex/graphics/graphics.sty
Package: graphics 2006/02/20 v1.0o Standard LaTeX Graphics (DPC,SPQR)

(/usr/share/texmf-texlive/tex/latex/graphics/trig.sty
Package: trig 1999/03/16 v1.09 sin cos tan (DPC)
)
(/etc/texmf/tex/latex/config/graphics.cfg
File: graphics.cfg 2007/01/18 v1.5 graphics configuration of teTeX/TeXLive
)
Package graphics Info: Driver file: pdftex.def on input line 90.

(/usr/share/texmf-texlive/tex/latex/pdftex-def/pdftex.def
File: pdftex.def 2007/01/08 v0.04d Graphics/color for pdfTeX
\Gread@gobject=\count102
))
\Gin@req@height=\dimen119
\Gin@req@width=\dimen120
)
(/usr/share/texmf/tex/latex/pgf/systemlayer/pgfsys.sty
(/usr/share/texmf/tex/latex/pgf/utilities/pgfrcs.sty
(/usr/share/texmf/tex/generic/pgf/utilities/pgfutil-common.tex)
(/usr/share/texmf/tex/generic/pgf/utilities/pgfutil-latex.def)
(/usr/share/texmf/tex/generic/pgf/utilities/pgfrcs.code.tex
Package: pgfrcs 2007/06/08 v1.18 (rcs-revision 1.16)
))
(/usr/share/texmf/tex/generic/pgf/systemlayer/pgfsys.code.tex
Package: pgfsys 2007/06/07 v1.18 (rcs-revision 1.24)
\pgf@x=\dimen121
\pgf@y=\dimen122
\pgf@xa=\dimen123
\pgf@ya=\dimen124
\pgf@xb=\dimen125
\pgf@yb=\dimen126
\pgf@xc=\dimen127
\pgf@yc=\dimen128
\c@pgf@counta=\count103
\c@pgf@countb=\count104
\c@pgf@countc=\count105
\c@pgf@countd=\count106

(/usr/share/texmf/tex/generic/pgf/systemlayer/pgf.cfg
File: pgf.cfg 2007/03/20  (rcs-revision 1.4)
)
Package pgfsys Info: Driver file for pgf: pgfsys-pdftex.def on input line 846.

(/usr/share/texmf/tex/generic/pgf/systemlayer/pgfsys-pdftex.def
File: pgfsys-pdftex.def 2007/06/07  (rcs-revision 1.15)

(/usr/share/texmf/tex/generic/pgf/systemlayer/pgfsys-common-pdf.def
File: pgfsys-common-pdf.def 2006/10/16  (rcs-revision 1.7)
)))
(/usr/share/texmf/tex/generic/pgf/systemlayer/pgfsyssoftpath.code.tex
File: pgfsyssoftpath.code.tex 2007/02/19  (rcs-revision 1.5)
)
(/usr/share/texmf/tex/generic/pgf/systemlayer/pgfsysprotocol.code.tex
File: pgfsysprotocol.code.tex 2006/10/16  (rcs-revision 1.4)
))
(/usr/share/texmf/tex/latex/xcolor/xcolor.sty
Package: xcolor 2007/01/21 v2.11 LaTeX color extensions (UK)

(/etc/texmf/tex/latex/config/color.cfg
File: color.cfg 2007/01/18 v1.5 color configuration of teTeX/TeXLive
)
Package xcolor Info: Driver file: pdftex.def on input line 225.
Package xcolor Info: Model `cmy' substituted by `cmy0' on input line 1337.
Package xcolor Info: Model `hsb' substituted by `rgb' on input line 1341.
Package xcolor Info: Model `RGB' extended on input line 1353.
Package xcolor Info: Model `HTML' substituted by `rgb' on input line 1355.
Package xcolor Info: Model `Hsb' substituted by `hsb' on input line 1356.
Package xcolor Info: Model `tHsb' substituted by `hsb' on input line 1357.
Package xcolor Info: Model `HSB' substituted by `hsb' on input line 1358.
Package xcolor Info: Model `Gray' substituted by `gray' on input line 1359.
Package xcolor Info: Model `wave' substituted by `hsb' on input line 1360.
)
(/usr/share/texmf/tex/generic/pgf/basiclayer/pgfcore.code.tex
Package: pgfcore 2007/03/09 v1.18 (rcs-revision 1.5)

(/usr/share/texmf/tex/generic/pgf/math/pgfmath.code.tex
(/usr/share/texmf/tex/generic/pgf/math/pgfmathcalc.code.tex
(/usr/share/texmf/tex/generic/pgf/math/pgfmathutil.code.tex)
(/usr/share/texmf/tex/generic/pgf/math/pgfmathparser.code.tex
\pgfmath@stack=\toks15
\c@pgfmath@parsecounta=\count107
\c@pgfmath@parsecountb=\count108
\c@pgfmath@parsecountc=\count109
\pgfmath@parsex=\dimen129
)
(/usr/share/texmf/tex/generic/pgf/math/pgfmathoperations.code.tex
(/usr/share/texmf/tex/generic/pgf/math/pgfmathtrig.code.tex)
(/usr/share/texmf/tex/generic/pgf/math/pgfmathrnd.code.tex))
(/usr/share/texmf/tex/generic/pgf/math/pgfmathbase.code.tex)))
(/usr/share/texmf/tex/generic/pgf/basiclayer/pgfcorepoints.code.tex
File: pgfcorepoints.code.tex 2007/04/19  (rcs-revision 1.9)
\pgf@picminx=\dimen130
\pgf@picmaxx=\dimen131
\pgf@picminy=\dimen132
\pgf@picmaxy=\dimen133
\pgf@pathminx=\dimen134
\pgf@pathmaxx=\dimen135
\pgf@pathminy=\dimen136
\pgf@pathmaxy=\dimen137
\pgf@xx=\dimen138
\pgf@xy=\dimen139
\pgf@yx=\dimen140
\pgf@yy=\dimen141
\pgf@zx=\dimen142
\pgf@zy=\dimen143
)
(/usr/share/texmf/tex/generic/pgf/basiclayer/pgfcorepathconstruct.code.tex
File: pgfcorepathconstruct.code.tex 2007/06/07  (rcs-revision 1.9)
\pgf@path@lastx=\dimen144
\pgf@path@lasty=\dimen145
)
(/usr/share/texmf/tex/generic/pgf/basiclayer/pgfcorepathusage.code.tex
File: pgfcorepathusage.code.tex 2007/03/09  (rcs-revision 1.8)
\pgf@shorten@end@additional=\dimen146
\pgf@shorten@start@additional=\dimen147
)
(/usr/share/texmf/tex/generic/pgf/basiclayer/pgfcorescopes.code.tex
File: pgfcorescopes.code.tex 2007/06/07  (rcs-revision 1.24)
\pgfpic=\box34
\pgf@hbox=\box35
\pgf@layerbox@main=\box36
\pgf@picture@serial@count=\count110
)
(/usr/share/texmf/tex/generic/pgf/basiclayer/pgfcoregraphicstate.code.tex
File: pgfcoregraphicstate.code.tex 2007/03/09  (rcs-revision 1.7)
\pgflinewidth=\dimen148
)
(/usr/share/texmf/tex/generic/pgf/basiclayer/pgfcoretransformations.code.tex
File: pgfcoretransformations.code.tex 2007/06/07  (rcs-revision 1.6)
\pgf@pt@x=\dimen149
\pgf@pt@y=\dimen150
\pgf@pt@temp=\dimen151
)
(/usr/share/texmf/tex/generic/pgf/basiclayer/pgfcorequick.code.tex
File: pgfcorequick.code.tex 2006/10/11  (rcs-revision 1.2)
)
(/usr/share/texmf/tex/generic/pgf/basiclayer/pgfcoreobjects.code.tex
File: pgfcoreobjects.code.tex 2006/10/11  (rcs-revision 1.2)
)
(/usr/share/texmf/tex/generic/pgf/basiclayer/pgfcorepathprocessing.code.tex
File: pgfcorepathprocessing.code.tex 2007/03/09  (rcs-revision 1.6)
)
(/usr/share/texmf/tex/generic/pgf/basiclayer/pgfcorearrows.code.tex
File: pgfcorearrows.code.tex 2007/06/07  (rcs-revision 1.8)
)
(/usr/share/texmf/tex/generic/pgf/basiclayer/pgfcoreshade.code.tex
File: pgfcoreshade.code.tex 2007/03/09  (rcs-revision 1.8)
\pgf@max=\dimen152
\pgf@sys@shading@range@num=\count111
)))
(/usr/share/texmf/tex/latex/pgf/basiclayer/pgfbaseimage.sty
(/usr/share/texmf/tex/generic/pgf/basiclayer/pgfbaseimage.code.tex
Package: pgfbaseimage 2007/05/31 v1.18 (rcs-revision 1.7)
\pgfexternal@startupbox=\box37
))
(/usr/share/texmf/tex/latex/pgf/utilities/xxcolor.sty
Package: xxcolor 2003/10/24 ver 0.1
\XC@nummixins=\count112
\XC@countmixins=\count113
)
(/usr/share/texmf-texlive/tex/latex/amsfonts/amssymb.sty
Package: amssymb 2002/01/22 v2.2d

(/usr/share/texmf-texlive/tex/latex/amsfonts/amsfonts.sty
Package: amsfonts 2001/10/25 v2.2f
\@emptytoks=\toks16
\symAMSa=\mathgroup4
\symAMSb=\mathgroup5
LaTeX Font Info:    Overwriting math alphabet `\mathfrak' in version `bold'
(Font)                  U/euf/m/n --> U/euf/b/n on input line 132.
))
(/usr/share/texmf-texlive/tex/latex/geometry/geometry.sty
Package: geometry 2002/07/08 v3.2 Page Geometry
\Gm@cnth=\count114
\Gm@cntv=\count115
\c@Gm@tempcnt=\count116
\Gm@bindingoffset=\dimen153
\Gm@wd@mp=\dimen154
\Gm@odd@mp=\dimen155
\Gm@even@mp=\dimen156
\Gm@dimlist=\toks17
)
(/usr/share/texmf-texlive/tex/latex/hyperref/hyperref.sty
Package: hyperref 2007/02/07 v6.75r Hypertext links for LaTeX
\@linkdim=\dimen157
\Hy@linkcounter=\count117
\Hy@pagecounter=\count118

(/usr/share/texmf-texlive/tex/latex/hyperref/pd1enc.def
File: pd1enc.def 2007/02/07 v6.75r Hyperref: PDFDocEncoding definition (HO)
)
(/etc/texmf/tex/latex/config/hyperref.cfg
File: hyperref.cfg 2002/06/06 v1.2 hyperref configuration of TeXLive
)
(/usr/share/texmf-texlive/tex/latex/oberdiek/kvoptions.sty
Package: kvoptions 2006/08/22 v2.4 Connects package keyval with LaTeX options (
HO)
)
Package hyperref Info: Option `bookmarks' set `true' on input line 2238.
Package hyperref Info: Option `bookmarksopen' set `true' on input line 2238.
Package hyperref Info: Option `implicit' set `false' on input line 2238.
Package hyperref Info: Hyper figures OFF on input line 2288.
Package hyperref Info: Link nesting OFF on input line 2293.
Package hyperref Info: Hyper index ON on input line 2296.
Package hyperref Info: Plain pages OFF on input line 2303.
Package hyperref Info: Backreferencing OFF on input line 2308.

Implicit mode OFF; no redefinition of LaTeX internals
Package hyperref Info: Bookmarks ON on input line 2444.
(/usr/share/texmf-texlive/tex/latex/ltxmisc/url.sty
\Urlmuskip=\muskip10
Package: url 2005/06/27  ver 3.2  Verb mode for urls, etc.
)
LaTeX Info: Redefining \url on input line 2599.
\Fld@menulength=\count119
\Field@Width=\dimen158
\Fld@charsize=\dimen159
\Choice@toks=\toks18
\Field@toks=\toks19
Package hyperref Info: Hyper figures OFF on input line 3102.
Package hyperref Info: Link nesting OFF on input line 3107.
Package hyperref Info: Hyper index ON on input line 3110.
Package hyperref Info: backreferencing OFF on input line 3117.
Package hyperref Info: Link coloring OFF on input line 3122.


Package hyperref Warning: Option `pdfpagelabels' is turned off
(hyperref)                because \thepage is undefined.

Hyperref stopped early
)
*hyperref using default driver hpdftex*
(/usr/share/texmf-texlive/tex/latex/hyperref/hpdftex.def
File: hpdftex.def 2007/02/07 v6.75r Hyperref driver for pdfTeX
\Fld@listcount=\count120
)
(/usr/share/texmf-texlive/tex/latex/base/size11.clo
File: size11.clo 2005/09/16 v1.4f Standard LaTeX file (size option)
)
(/usr/share/texmf/tex/latex/beamer/base/beamerbasecompatibility.sty
Package: beamerbasecompatibility 2007/01/28  (rcs-revision 1.63)
)
(/usr/share/texmf/tex/latex/beamer/base/beamerbasefont.sty
Package: beamerbasefont 2007/01/28  (rcs-revision 1.16)
)
(/usr/share/texmf/tex/latex/beamer/base/beamerbasemisc.sty
Package: beamerbasemisc 2007/01/28  (rcs-revision 1.24)
)
(/usr/share/texmf/tex/latex/beamer/base/beamerbasetwoscreens.sty
Package: beamerbasetwoscreens 2007/01/28  (rcs-revision 1.7)
)
(/usr/share/texmf/tex/latex/beamer/base/beamerbaseoverlay.sty
Package: beamerbaseoverlay 2007/01/28  (rcs-revision 1.50)
\beamer@argscount=\count121
\beamer@lastskipcover=\skip42
\beamer@trivlistdepth=\count122
)
(/usr/share/texmf/tex/latex/beamer/base/beamerbasetitle.sty
Package: beamerbasetitle 2007/01/28  (rcs-revision 1.25)
)
(/usr/share/texmf/tex/latex/beamer/base/beamerbasesection.sty
Package: beamerbasesection 2007/01/28  (rcs-revision 1.21)
\c@lecture=\count123
\c@part=\count124
\c@section=\count125
\c@subsection=\count126
\c@subsubsection=\count127
)
(/usr/share/texmf/tex/latex/beamer/base/beamerbaseframe.sty
Package: beamerbaseframe 2007/01/28  (rcs-revision 1.60)
\beamer@framebox=\box38
\beamer@frametitlebox=\box39
\beamer@zoombox=\box40
\beamer@zoomcount=\count128
\beamer@zoomframecount=\count129
\beamer@frametextheight=\dimen160
\c@subsectionslide=\count130
\beamer@frametopskip=\skip43
\beamer@framebottomskip=\skip44
\beamer@frametopskipautobreak=\skip45
\beamer@framebottomskipautobreak=\skip46
\beamer@envbody=\toks20
\c@framenumber=\count131
)
(/usr/share/texmf/tex/latex/beamer/base/beamerbaseverbatim.sty
Package: beamerbaseverbatim 2007/01/28  (rcs-revision 1.8)
\beamer@verbatimfileout=\write3
)
(/usr/share/texmf/tex/latex/beamer/base/beamerbaseframesize.sty
Package: beamerbaseframesize 2007/01/28  (rcs-revision 1.18)
\beamer@splitbox=\box41
\beamer@autobreakcount=\count132
\beamer@autobreaklastheight=\dimen161
\beamer@frametitletoks=\toks21
\beamer@framesubtitletoks=\toks22
)
(/usr/share/texmf/tex/latex/beamer/base/beamerbaseframecomponents.sty
Package: beamerbaseframecomponents 2007/01/28  (rcs-revision 1.41)
\beamer@footins=\box42
)
(/usr/share/texmf/tex/latex/beamer/base/beamerbasecolor.sty
Package: beamerbasecolor 2007/01/28  (rcs-revision 1.42)
)
(/usr/share/texmf/tex/latex/beamer/base/beamerbasenotes.sty
Package: beamerbasenotes 2007/01/28  (rcs-revision 1.23)
\beamer@frameboxcopy=\box43
)
(/usr/share/texmf/tex/latex/beamer/base/beamerbasetoc.sty
Package: beamerbasetoc 2007/01/28  (rcs-revision 1.21)
)
(/usr/share/texmf/tex/latex/beamer/base/beamerbasetemplates.sty
Package: beamerbasetemplates 2007/01/28  (rcs-revision 1.51)
\beamer@sbttoks=\toks23

(/usr/share/texmf/tex/latex/beamer/base/beamerbaseauxtemplates.sty
Package: beamerbaseauxtemplates 2007/01/28  (rcs-revision 1.28)

(/usr/share/texmf/tex/latex/beamer/base/beamerbaseboxes.sty
Package: beamerbaseboxes 2007/03/11  (rcs-revision 1.32)
\bmb@box=\box44
\bmb@colorbox=\box45
\bmb@boxshadow=\box46
\bmb@boxshadowball=\box47
\bmb@boxshadowballlarge=\box48
\bmb@temp=\dimen162
\bmb@dima=\dimen163
\bmb@dimb=\dimen164
\bmb@prevheight=\dimen165
)
\beamer@blockheadheight=\dimen166
))
(/usr/share/texmf/tex/latex/beamer/base/beamerbaselocalstructure.sty
Package: beamerbaselocalstructure 2007/01/28  (rcs-revision 1.53)

(/usr/share/texmf-texlive/tex/latex/tools/enumerate.sty
Package: enumerate 1999/03/05 v3.00 enumerate extensions (DPC)
\@enLab=\toks24
)
\c@figure=\count133
\c@table=\count134
\abovecaptionskip=\skip47
\belowcaptionskip=\skip48
)
(/usr/share/texmf/tex/latex/beamer/base/beamerbasenavigation.sty
Package: beamerbasenavigation 2007/01/28  (rcs-revision 1.36)
)
(/usr/share/texmf/tex/latex/beamer/base/beamerbasetheorems.sty
Package: beamerbasetheorems 2007/01/28  (rcs-revision 1.10)

(/usr/share/texmf-texlive/tex/latex/amsmath/amsmath.sty
Package: amsmath 2000/07/18 v2.13 AMS math features
\@mathmargin=\skip49

For additional information on amsmath, use the `?' option.
(/usr/share/texmf-texlive/tex/latex/amsmath/amstext.sty
Package: amstext 2000/06/29 v2.01

(/usr/share/texmf-texlive/tex/latex/amsmath/amsgen.sty
File: amsgen.sty 1999/11/30 v2.0
\@emptytoks=\toks25
\ex@=\dimen167
))
(/usr/share/texmf-texlive/tex/latex/amsmath/amsbsy.sty
Package: amsbsy 1999/11/29 v1.2d
\pmbraise@=\dimen168
)
(/usr/share/texmf-texlive/tex/latex/amsmath/amsopn.sty
Package: amsopn 1999/12/14 v2.01 operator names
)
\inf@bad=\count135
LaTeX Info: Redefining \frac on input line 211.
\uproot@=\count136
\leftroot@=\count137
LaTeX Info: Redefining \overline on input line 307.
\classnum@=\count138
\DOTSCASE@=\count139
LaTeX Info: Redefining \ldots on input line 379.
LaTeX Info: Redefining \dots on input line 382.
LaTeX Info: Redefining \cdots on input line 467.
\Mathstrutbox@=\box49
\strutbox@=\box50
\big@size=\dimen169
LaTeX Font Info:    Redeclaring font encoding OML on input line 567.
LaTeX Font Info:    Redeclaring font encoding OMS on input line 568.
\macc@depth=\count140
\c@MaxMatrixCols=\count141
\dotsspace@=\muskip11
\c@parentequation=\count142
\dspbrk@lvl=\count143
\tag@help=\toks26
\row@=\count144
\column@=\count145
\maxfields@=\count146
\andhelp@=\toks27
\eqnshift@=\dimen170
\alignsep@=\dimen171
\tagshift@=\dimen172
\tagwidth@=\dimen173
\totwidth@=\dimen174
\lineht@=\dimen175
\@envbody=\toks28
\multlinegap=\skip50
\multlinetaggap=\skip51
\mathdisplay@stack=\toks29
LaTeX Info: Redefining \[ on input line 2666.
LaTeX Info: Redefining \] on input line 2667.
)
(/usr/share/texmf-texlive/tex/latex/amscls/amsthm.sty
Package: amsthm 2004/08/06 v2.20
\thm@style=\toks30
\thm@bodyfont=\toks31
\thm@headfont=\toks32
\thm@notefont=\toks33
\thm@headpunct=\toks34
\thm@preskip=\skip52
\thm@postskip=\skip53
\thm@headsep=\skip54
\dth@everypar=\toks35
)
\c@theorem=\count147
)
(/usr/share/texmf/tex/latex/beamer/base/beamerbasethemes.sty
Package: beamerbasethemes 2007/01/28  (rcs-revision 1.10)
)
(/usr/share/texmf/tex/latex/beamer/themes/theme/beamerthemedefault.sty
Package: beamerthemedefault 2007/01/28  (rcs-revision 1.7)

(/usr/share/texmf/tex/latex/beamer/themes/font/beamerfontthemedefault.sty
Package: beamerfontthemedefault 2007/01/28  (rcs-revision 1.13)
)
(/usr/share/texmf/tex/latex/beamer/themes/color/beamercolorthemedefault.sty
Package: beamercolorthemedefault 2007/01/28  (rcs-revision 1.28)
)
(/usr/share/texmf/tex/latex/beamer/themes/inner/beamerinnerthemedefault.sty
Package: beamerinnerthemedefault 2007/01/28  (rcs-revision 1.20)
\beamer@dima=\dimen176
\beamer@dimb=\dimen177
)
(/usr/share/texmf/tex/latex/beamer/themes/outer/beamerouterthemedefault.sty
Package: beamerouterthemedefault 2007/01/28  (rcs-revision 1.14)
)))
(/usr/share/texmf-texlive/tex/latex/base/ifthen.sty
Package: ifthen 2001/05/26 v1.1c Standard LaTeX ifthen package (DPC)
)
(/usr/share/texmf-texlive/tex/latex/tools/verbatim.sty
Package: verbatim 2003/08/22 v1.5q LaTeX2e package for verbatim enhancements
\every@verbatim=\toks36
\verbatim@line=\toks37
\verbatim@in@stream=\read1
) (./data_fits.aux)
\openout1 = `data_fits.aux'.

LaTeX Font Info:    Checking defaults for OML/cmm/m/it on input line 7.
LaTeX Font Info:    ... okay on input line 7.
LaTeX Font Info:    Checking defaults for T1/cmr/m/n on input line 7.
LaTeX Font Info:    ... okay on input line 7.
LaTeX Font Info:    Checking defaults for OT1/cmr/m/n on input line 7.
LaTeX Font Info:    ... okay on input line 7.
LaTeX Font Info:    Checking defaults for OMS/cmsy/m/n on input line 7.
LaTeX Font Info:    ... okay on input line 7.
LaTeX Font Info:    Checking defaults for OMX/cmex/m/n on input line 7.
LaTeX Font Info:    ... okay on input line 7.
LaTeX Font Info:    Checking defaults for U/cmr/m/n on input line 7.
LaTeX Font Info:    ... okay on input line 7.
LaTeX Font Info:    Checking defaults for PD1/pdf/m/n on input line 7.
LaTeX Font Info:    ... okay on input line 7.
-------------------- Geometry parameters
paper: user defined
landscape: --
twocolumn: --
twoside: --
asymmetric: --
h-parts: 28.45274pt, 307.28987pt, 28.45274pt
v-parts: 0.0pt, 273.14662pt, 0.0pt
hmarginratio: --
vmarginratio: --
lines: --
heightrounded: --
bindingoffset: 0.0pt
truedimen: --
includehead: true
includefoot: true
includemp: --
driver: pdftex
-------------------- Page layout dimensions and switches
\paperwidth  364.19536pt
\paperheight 273.14662pt
\textwidth  307.28987pt
\textheight 244.6939pt
\oddsidemargin  -43.81725pt
\evensidemargin -43.81725pt
\topmargin  -72.26999pt
\headheight 14.22636pt
\headsep    0.0pt
\footskip   14.22636pt
\marginparwidth 4.0pt
\marginparsep   10.0pt
\columnsep  10.0pt
\skip\footins  10.0pt plus 4.0pt minus 2.0pt
\hoffset 0.0pt
\voffset 0.0pt
\mag 1000

(1in=72.27pt, 1cm=28.45pt)
-----------------------
Package hyperref Info: Link coloring OFF on input line 7.

(/usr/share/texmf-texlive/tex/latex/hyperref/nameref.sty
Package: nameref 2006/12/27 v2.28 Cross-referencing by name of section

(/usr/share/texmf-texlive/tex/latex/oberdiek/refcount.sty
Package: refcount 2006/02/20 v3.0 Data extraction from references (HO)
)
\c@section@level=\count148
)
LaTeX Info: Redefining \ref on input line 7.
LaTeX Info: Redefining \pageref on input line 7.
 (./data_fits.out)
(./data_fits.out)
\@outlinefile=\write4
\openout4 = `data_fits.out'.

LaTeX Font Info:    Overwriting symbol font `operators' in version `normal'
(Font)                  OT1/cmr/m/n --> OT1/cmss/m/n on input line 7.
LaTeX Font Info:    Overwriting symbol font `operators' in version `bold'
(Font)                  OT1/cmr/bx/n --> OT1/cmss/bx/n on input line 7.
\symnumbers=\mathgroup6
\sympureletters=\mathgroup7
LaTeX Font Info:    Overwriting math alphabet `\mathrm' in version `normal'
(Font)                  OT1/cmss/m/n --> OT1/cmr/m/n on input line 7.
LaTeX Font Info:    Redeclaring math alphabet \mathbf on input line 7.
LaTeX Font Info:    Overwriting math alphabet `\mathbf' in version `normal'
(Font)                  OT1/cmr/bx/n --> OT1/cmss/bx/n on input line 7.
LaTeX Font Info:    Overwriting math alphabet `\mathbf' in version `bold'
(Font)                  OT1/cmr/bx/n --> OT1/cmss/bx/n on input line 7.
LaTeX Font Info:    Redeclaring math alphabet \mathsf on input line 7.
LaTeX Font Info:    Overwriting math alphabet `\mathsf' in version `normal'
(Font)                  OT1/cmss/m/n --> OT1/cmss/m/n on input line 7.
LaTeX Font Info:    Overwriting math alphabet `\mathsf' in version `bold'
(Font)                  OT1/cmss/bx/n --> OT1/cmss/m/n on input line 7.
LaTeX Font Info:    Redeclaring math alphabet \mathit on input line 7.
LaTeX Font Info:    Overwriting math alphabet `\mathit' in version `normal'
(Font)                  OT1/cmr/m/it --> OT1/cmss/m/it on input line 7.
LaTeX Font Info:    Overwriting math alphabet `\mathit' in version `bold'
(Font)                  OT1/cmr/bx/it --> OT1/cmss/m/it on input line 7.
LaTeX Font Info:    Redeclaring math alphabet \mathtt on input line 7.
LaTeX Font Info:    Overwriting math alphabet `\mathtt' in version `normal'
(Font)                  OT1/cmtt/m/n --> OT1/cmtt/m/n on input line 7.
LaTeX Font Info:    Overwriting math alphabet `\mathtt' in version `bold'
(Font)                  OT1/cmtt/m/n --> OT1/cmtt/m/n on input line 7.
LaTeX Font Info:    Overwriting symbol font `numbers' in version `bold'
(Font)                  OT1/cmss/m/n --> OT1/cmss/bx/n on input line 7.
LaTeX Font Info:    Overwriting symbol font `pureletters' in version `bold'
(Font)                  OT1/cmss/m/it --> OT1/cmss/bx/it on input line 7.
LaTeX Font Info:    Overwriting math alphabet `\mathrm' in version `bold'
(Font)                  OT1/cmss/bx/n --> OT1/cmr/bx/n on input line 7.
LaTeX Font Info:    Overwriting math alphabet `\mathbf' in version `bold'
(Font)                  OT1/cmss/bx/n --> OT1/cmss/bx/n on input line 7.
LaTeX Font Info:    Overwriting math alphabet `\mathsf' in version `bold'
(Font)                  OT1/cmss/m/n --> OT1/cmss/bx/n on input line 7.
LaTeX Font Info:    Overwriting math alphabet `\mathit' in version `bold'
(Font)                  OT1/cmss/m/it --> OT1/cmss/bx/it on input line 7.
LaTeX Font Info:    Overwriting math alphabet `\mathtt' in version `bold'
(Font)                  OT1/cmtt/m/n --> OT1/cmtt/bx/n on input line 7.
 (./data_fits.nav)
LaTeX Font Info:    Try loading font information for U+msa on input line 28.

(/usr/share/texmf-texlive/tex/latex/amsfonts/umsa.fd
File: umsa.fd 2002/01/19 v2.2g AMS font definitions
)
LaTeX Font Info:    Try loading font information for U+msb on input line 28.

(/usr/share/texmf-texlive/tex/latex/amsfonts/umsb.fd
File: umsb.fd 2002/01/19 v2.2g AMS font definitions
)

LaTeX Font Warning: Command \scriptsize invalid in math mode on input line 28.


LaTeX Font Warning: Command \scriptsize invalid in math mode on input line 28.


LaTeX Font Warning: Font shape `OT1/cmss/m/n' in size <4> not available
(Font)              size <5> substituted on input line 28.

[1

{/var/lib/texmf/fonts/map/pdftex/updmap/pdftex.map}]
<hip_MC.pdf, id=24, 306.14375pt x 569.12625pt>
File: hip_MC.pdf Graphic file (type pdf)
 <use hip_MC.pdf> [2

 <./hip_MC.pdf>] <hip_MCnorm.pdf, id=73, 306.14375pt x 569.12625pt>
File: hip_MCnorm.pdf Graphic file (type pdf)
 <use hip_MCnorm.pdf>
[3

 <./hip_MCnorm.pdf>]
<hip_MCstatistical.pdf, id=123, 306.14375pt x 569.12625pt>
File: hip_MCstatistical.pdf Graphic file (type pdf)

<use hip_MCstatistical.pdf> [4

 <./hip_MCstatistical.pdf>]
<hip_MCsystematic.pdf, id=172, 306.14375pt x 569.12625pt>
File: hip_MCsystematic.pdf Graphic file (type pdf)

<use hip_MCsystematic.pdf> [5

 <./hip_MCsystematic.pdf>] [6

]
<tmppoly_MBwhBst1sec02.png, id=230, 712.6625pt x 383.4325pt>
File: tmppoly_MBwhBst1sec02.png Graphic file (type png)

<use tmppoly_MBwhBst1sec02.png> [7

 <./tmppoly_MBwhBst1sec02.png (PNG copy)>]
<tmppoly_MBwhBst1sec03.png, id=238, 712.6625pt x 383.4325pt>
File: tmppoly_MBwhBst1sec03.png Graphic file (type png)

<use tmppoly_MBwhBst1sec03.png> [8

 <./tmppoly_MBwhBst1sec03.png (PNG copy)>]
<tmppoly_MBwhBst1sec04.png, id=244, 712.6625pt x 383.4325pt>
File: tmppoly_MBwhBst1sec04.png Graphic file (type png)

<use tmppoly_MBwhBst1sec04.png> [9

 <./tmppoly_MBwhBst1sec04.png (PNG copy)>]
<tmppoly_MBwhBst1sec05.png, id=250, 712.6625pt x 383.4325pt>
File: tmppoly_MBwhBst1sec05.png Graphic file (type png)

<use tmppoly_MBwhBst1sec05.png> [10

 <./tmppoly_MBwhBst1sec05.png (PNG copy)>]
<tmppoly_MBwhBst1sec06.png, id=256, 712.6625pt x 383.4325pt>
File: tmppoly_MBwhBst1sec06.png Graphic file (type png)

<use tmppoly_MBwhBst1sec06.png> [11

 <./tmppoly_MBwhBst1sec06.png (PNG copy)>]
<tmppoly_MBwhBst1sec08.png, id=262, 712.6625pt x 383.4325pt>
File: tmppoly_MBwhBst1sec08.png Graphic file (type png)

<use tmppoly_MBwhBst1sec08.png> [12

 <./tmppoly_MBwhBst1sec08.png (PNG copy)>]
<tmppoly_MBwhBst1sec09.png, id=268, 712.6625pt x 383.4325pt>
File: tmppoly_MBwhBst1sec09.png Graphic file (type png)

<use tmppoly_MBwhBst1sec09.png> [13

 <./tmppoly_MBwhBst1sec09.png (PNG copy)>]
<tmppoly_MBwhBst1sec10.png, id=275, 712.6625pt x 383.4325pt>
File: tmppoly_MBwhBst1sec10.png Graphic file (type png)

<use tmppoly_MBwhBst1sec10.png> [14

 <./tmppoly_MBwhBst1sec10.png (PNG copy)>]
<tmppoly_MBwhBst1sec11.png, id=281, 712.6625pt x 383.4325pt>
File: tmppoly_MBwhBst1sec11.png Graphic file (type png)

<use tmppoly_MBwhBst1sec11.png> [15

 <./tmppoly_MBwhBst1sec11.png (PNG copy)>]
<tmppoly_MBwhBst1sec12.png, id=287, 712.6625pt x 383.4325pt>
File: tmppoly_MBwhBst1sec12.png Graphic file (type png)

<use tmppoly_MBwhBst1sec12.png> [16

 <./tmppoly_MBwhBst1sec12.png (PNG copy)>]
<tmppoly_MBwhBst2sec02.png, id=293, 712.6625pt x 383.4325pt>
File: tmppoly_MBwhBst2sec02.png Graphic file (type png)

<use tmppoly_MBwhBst2sec02.png> [17

 <./tmppoly_MBwhBst2sec02.png (PNG copy)>]
<tmppoly_MBwhBst2sec03.png, id=299, 712.6625pt x 383.4325pt>
File: tmppoly_MBwhBst2sec03.png Graphic file (type png)

<use tmppoly_MBwhBst2sec03.png> [18

 <./tmppoly_MBwhBst2sec03.png (PNG copy)>]
<tmppoly_MBwhBst2sec04.png, id=305, 712.6625pt x 383.4325pt>
File: tmppoly_MBwhBst2sec04.png Graphic file (type png)

<use tmppoly_MBwhBst2sec04.png> [19

 <./tmppoly_MBwhBst2sec04.png (PNG copy)>]
<tmppoly_MBwhBst2sec05.png, id=312, 712.6625pt x 383.4325pt>
File: tmppoly_MBwhBst2sec05.png Graphic file (type png)

<use tmppoly_MBwhBst2sec05.png> [20

 <./tmppoly_MBwhBst2sec05.png (PNG copy)>]
<tmppoly_MBwhBst2sec06.png, id=318, 712.6625pt x 383.4325pt>
File: tmppoly_MBwhBst2sec06.png Graphic file (type png)

<use tmppoly_MBwhBst2sec06.png> [21

 <./tmppoly_MBwhBst2sec06.png (PNG copy)>]
<tmppoly_MBwhBst2sec09.png, id=324, 712.6625pt x 383.4325pt>
File: tmppoly_MBwhBst2sec09.png Graphic file (type png)

<use tmppoly_MBwhBst2sec09.png> [22

 <./tmppoly_MBwhBst2sec09.png (PNG copy)>]
<tmppoly_MBwhBst2sec10.png, id=330, 712.6625pt x 383.4325pt>
File: tmppoly_MBwhBst2sec10.png Graphic file (type png)

<use tmppoly_MBwhBst2sec10.png> [23

 <./tmppoly_MBwhBst2sec10.png (PNG copy)>]
<tmppoly_MBwhBst2sec11.png, id=336, 712.6625pt x 383.4325pt>
File: tmppoly_MBwhBst2sec11.png Graphic file (type png)

<use tmppoly_MBwhBst2sec11.png> [24

 <./tmppoly_MBwhBst2sec11.png (PNG copy)>]
<tmppoly_MBwhBst2sec12.png, id=342, 712.6625pt x 383.4325pt>
File: tmppoly_MBwhBst2sec12.png Graphic file (type png)

<use tmppoly_MBwhBst2sec12.png> [25

 <./tmppoly_MBwhBst2sec12.png (PNG copy)>]
<tmppoly_MBwhBst3sec02.png, id=349, 712.6625pt x 383.4325pt>
File: tmppoly_MBwhBst3sec02.png Graphic file (type png)

<use tmppoly_MBwhBst3sec02.png> [26

 <./tmppoly_MBwhBst3sec02.png (PNG copy)>]
<tmppoly_MBwhBst3sec03.png, id=355, 712.6625pt x 383.4325pt>
File: tmppoly_MBwhBst3sec03.png Graphic file (type png)

<use tmppoly_MBwhBst3sec03.png> [27

 <./tmppoly_MBwhBst3sec03.png (PNG copy)>]
<tmppoly_MBwhBst3sec04.png, id=361, 712.6625pt x 383.4325pt>
File: tmppoly_MBwhBst3sec04.png Graphic file (type png)

<use tmppoly_MBwhBst3sec04.png> [28

 <./tmppoly_MBwhBst3sec04.png (PNG copy)>]
<tmppoly_MBwhBst3sec05.png, id=367, 712.6625pt x 383.4325pt>
File: tmppoly_MBwhBst3sec05.png Graphic file (type png)

<use tmppoly_MBwhBst3sec05.png> [29

 <./tmppoly_MBwhBst3sec05.png (PNG copy)>]
<tmppoly_MBwhBst3sec06.png, id=373, 712.6625pt x 383.4325pt>
File: tmppoly_MBwhBst3sec06.png Graphic file (type png)

<use tmppoly_MBwhBst3sec06.png> [30

 <./tmppoly_MBwhBst3sec06.png (PNG copy)>]
<tmppoly_MBwhBst3sec08.png, id=379, 712.6625pt x 383.4325pt>
File: tmppoly_MBwhBst3sec08.png Graphic file (type png)

<use tmppoly_MBwhBst3sec08.png> [31

 <./tmppoly_MBwhBst3sec08.png (PNG copy)>]
<tmppoly_MBwhBst3sec09.png, id=386, 712.6625pt x 383.4325pt>
File: tmppoly_MBwhBst3sec09.png Graphic file (type png)

<use tmppoly_MBwhBst3sec09.png> [32

 <./tmppoly_MBwhBst3sec09.png (PNG copy)>]
<tmppoly_MBwhBst3sec10.png, id=392, 712.6625pt x 383.4325pt>
File: tmppoly_MBwhBst3sec10.png Graphic file (type png)

<use tmppoly_MBwhBst3sec10.png> [33

 <./tmppoly_MBwhBst3sec10.png (PNG copy)>]
<tmppoly_MBwhBst3sec11.png, id=398, 712.6625pt x 383.4325pt>
File: tmppoly_MBwhBst3sec11.png Graphic file (type png)

<use tmppoly_MBwhBst3sec11.png> [34

 <./tmppoly_MBwhBst3sec11.png (PNG copy)>]
<tmppoly_MBwhBst3sec12.png, id=404, 712.6625pt x 383.4325pt>
File: tmppoly_MBwhBst3sec12.png Graphic file (type png)

<use tmppoly_MBwhBst3sec12.png> [35

 <./tmppoly_MBwhBst3sec12.png (PNG copy)>]
<tmppoly_MBwhCst1sec02.png, id=410, 712.6625pt x 383.4325pt>
File: tmppoly_MBwhCst1sec02.png Graphic file (type png)

<use tmppoly_MBwhCst1sec02.png> [36

 <./tmppoly_MBwhCst1sec02.png (PNG copy)>]
<tmppoly_MBwhCst1sec03.png, id=416, 712.6625pt x 383.4325pt>
File: tmppoly_MBwhCst1sec03.png Graphic file (type png)

<use tmppoly_MBwhCst1sec03.png> [37

 <./tmppoly_MBwhCst1sec03.png (PNG copy)>]
<tmppoly_MBwhCst1sec04.png, id=423, 712.6625pt x 383.4325pt>
File: tmppoly_MBwhCst1sec04.png Graphic file (type png)

<use tmppoly_MBwhCst1sec04.png> [38

 <./tmppoly_MBwhCst1sec04.png (PNG copy)>]
<tmppoly_MBwhCst1sec05.png, id=429, 712.6625pt x 383.4325pt>
File: tmppoly_MBwhCst1sec05.png Graphic file (type png)

<use tmppoly_MBwhCst1sec05.png> [39

 <./tmppoly_MBwhCst1sec05.png (PNG copy)>]
<tmppoly_MBwhCst1sec06.png, id=435, 712.6625pt x 383.4325pt>
File: tmppoly_MBwhCst1sec06.png Graphic file (type png)

<use tmppoly_MBwhCst1sec06.png> [40

 <./tmppoly_MBwhCst1sec06.png (PNG copy)>]
<tmppoly_MBwhCst1sec08.png, id=441, 712.6625pt x 383.4325pt>
File: tmppoly_MBwhCst1sec08.png Graphic file (type png)

<use tmppoly_MBwhCst1sec08.png> [41

 <./tmppoly_MBwhCst1sec08.png (PNG copy)>]
<tmppoly_MBwhCst1sec09.png, id=447, 712.6625pt x 383.4325pt>
File: tmppoly_MBwhCst1sec09.png Graphic file (type png)

<use tmppoly_MBwhCst1sec09.png> [42

 <./tmppoly_MBwhCst1sec09.png (PNG copy)>]
<tmppoly_MBwhCst1sec10.png, id=453, 712.6625pt x 383.4325pt>
File: tmppoly_MBwhCst1sec10.png Graphic file (type png)

<use tmppoly_MBwhCst1sec10.png> [43

 <./tmppoly_MBwhCst1sec10.png (PNG copy)>]
<tmppoly_MBwhCst1sec11.png, id=460, 712.6625pt x 383.4325pt>
File: tmppoly_MBwhCst1sec11.png Graphic file (type png)

<use tmppoly_MBwhCst1sec11.png> [44

 <./tmppoly_MBwhCst1sec11.png (PNG copy)>]
<tmppoly_MBwhCst1sec12.png, id=466, 712.6625pt x 383.4325pt>
File: tmppoly_MBwhCst1sec12.png Graphic file (type png)

<use tmppoly_MBwhCst1sec12.png> [45

 <./tmppoly_MBwhCst1sec12.png (PNG copy)>]
<tmppoly_MBwhCst2sec02.png, id=472, 712.6625pt x 383.4325pt>
File: tmppoly_MBwhCst2sec02.png Graphic file (type png)

<use tmppoly_MBwhCst2sec02.png> [46

 <./tmppoly_MBwhCst2sec02.png (PNG copy)>]
<tmppoly_MBwhCst2sec03.png, id=478, 712.6625pt x 383.4325pt>
File: tmppoly_MBwhCst2sec03.png Graphic file (type png)

<use tmppoly_MBwhCst2sec03.png> [47

 <./tmppoly_MBwhCst2sec03.png (PNG copy)>]
<tmppoly_MBwhCst2sec04.png, id=484, 712.6625pt x 383.4325pt>
File: tmppoly_MBwhCst2sec04.png Graphic file (type png)

<use tmppoly_MBwhCst2sec04.png> [48

 <./tmppoly_MBwhCst2sec04.png (PNG copy)>]
<tmppoly_MBwhCst2sec05.png, id=490, 712.6625pt x 383.4325pt>
File: tmppoly_MBwhCst2sec05.png Graphic file (type png)

<use tmppoly_MBwhCst2sec05.png> [49

 <./tmppoly_MBwhCst2sec05.png (PNG copy)>]
<tmppoly_MBwhCst2sec06.png, id=497, 712.6625pt x 383.4325pt>
File: tmppoly_MBwhCst2sec06.png Graphic file (type png)

<use tmppoly_MBwhCst2sec06.png> [50

 <./tmppoly_MBwhCst2sec06.png (PNG copy)>]
<tmppoly_MBwhCst2sec08.png, id=503, 712.6625pt x 383.4325pt>
File: tmppoly_MBwhCst2sec08.png Graphic file (type png)

<use tmppoly_MBwhCst2sec08.png> [51

 <./tmppoly_MBwhCst2sec08.png (PNG copy)>]
<tmppoly_MBwhCst2sec09.png, id=509, 712.6625pt x 383.4325pt>
File: tmppoly_MBwhCst2sec09.png Graphic file (type png)

<use tmppoly_MBwhCst2sec09.png> [52

 <./tmppoly_MBwhCst2sec09.png (PNG copy)>]
<tmppoly_MBwhCst2sec10.png, id=515, 712.6625pt x 383.4325pt>
File: tmppoly_MBwhCst2sec10.png Graphic file (type png)

<use tmppoly_MBwhCst2sec10.png> [53

 <./tmppoly_MBwhCst2sec10.png (PNG copy)>]
<tmppoly_MBwhCst2sec11.png, id=521, 712.6625pt x 383.4325pt>
File: tmppoly_MBwhCst2sec11.png Graphic file (type png)

<use tmppoly_MBwhCst2sec11.png> [54

 <./tmppoly_MBwhCst2sec11.png (PNG copy)>]
<tmppoly_MBwhCst2sec12.png, id=527, 712.6625pt x 383.4325pt>
File: tmppoly_MBwhCst2sec12.png Graphic file (type png)

<use tmppoly_MBwhCst2sec12.png> [55

 <./tmppoly_MBwhCst2sec12.png (PNG copy)>]
<tmppoly_MBwhCst3sec02.png, id=534, 712.6625pt x 383.4325pt>
File: tmppoly_MBwhCst3sec02.png Graphic file (type png)

<use tmppoly_MBwhCst3sec02.png> [56

 <./tmppoly_MBwhCst3sec02.png (PNG copy)>]
<tmppoly_MBwhCst3sec03.png, id=540, 712.6625pt x 383.4325pt>
File: tmppoly_MBwhCst3sec03.png Graphic file (type png)

<use tmppoly_MBwhCst3sec03.png> [57

 <./tmppoly_MBwhCst3sec03.png (PNG copy)>]
<tmppoly_MBwhCst3sec04.png, id=546, 712.6625pt x 383.4325pt>
File: tmppoly_MBwhCst3sec04.png Graphic file (type png)

<use tmppoly_MBwhCst3sec04.png> [58

 <./tmppoly_MBwhCst3sec04.png (PNG copy)>]
<tmppoly_MBwhCst3sec05.png, id=552, 712.6625pt x 383.4325pt>
File: tmppoly_MBwhCst3sec05.png Graphic file (type png)

<use tmppoly_MBwhCst3sec05.png> [59

 <./tmppoly_MBwhCst3sec05.png (PNG copy)>]
<tmppoly_MBwhCst3sec06.png, id=558, 712.6625pt x 383.4325pt>
File: tmppoly_MBwhCst3sec06.png Graphic file (type png)

<use tmppoly_MBwhCst3sec06.png> [60

 <./tmppoly_MBwhCst3sec06.png (PNG copy)>]
<tmppoly_MBwhCst3sec08.png, id=564, 712.6625pt x 383.4325pt>
File: tmppoly_MBwhCst3sec08.png Graphic file (type png)

<use tmppoly_MBwhCst3sec08.png> [61

 <./tmppoly_MBwhCst3sec08.png (PNG copy)>]
<tmppoly_MBwhCst3sec09.png, id=571, 712.6625pt x 383.4325pt>
File: tmppoly_MBwhCst3sec09.png Graphic file (type png)

<use tmppoly_MBwhCst3sec09.png> [62

 <./tmppoly_MBwhCst3sec09.png (PNG copy)>]
<tmppoly_MBwhCst3sec10.png, id=577, 712.6625pt x 383.4325pt>
File: tmppoly_MBwhCst3sec10.png Graphic file (type png)

<use tmppoly_MBwhCst3sec10.png> [63

 <./tmppoly_MBwhCst3sec10.png (PNG copy)>]
<tmppoly_MBwhCst3sec11.png, id=583, 712.6625pt x 383.4325pt>
File: tmppoly_MBwhCst3sec11.png Graphic file (type png)

<use tmppoly_MBwhCst3sec11.png> [64

 <./tmppoly_MBwhCst3sec11.png (PNG copy)>]
<tmppoly_MBwhCst3sec12.png, id=589, 712.6625pt x 383.4325pt>
File: tmppoly_MBwhCst3sec12.png Graphic file (type png)

<use tmppoly_MBwhCst3sec12.png> [65

 <./tmppoly_MBwhCst3sec12.png (PNG copy)>]
<tmppoly_MBwhDst1sec02.png, id=595, 712.6625pt x 383.4325pt>
File: tmppoly_MBwhDst1sec02.png Graphic file (type png)

<use tmppoly_MBwhDst1sec02.png> [66

 <./tmppoly_MBwhDst1sec02.png (PNG copy)>]
<tmppoly_MBwhDst1sec03.png, id=601, 712.6625pt x 383.4325pt>
File: tmppoly_MBwhDst1sec03.png Graphic file (type png)

<use tmppoly_MBwhDst1sec03.png> [67

 <./tmppoly_MBwhDst1sec03.png (PNG copy)>]
<tmppoly_MBwhDst1sec04.png, id=608, 712.6625pt x 383.4325pt>
File: tmppoly_MBwhDst1sec04.png Graphic file (type png)

<use tmppoly_MBwhDst1sec04.png> [68

 <./tmppoly_MBwhDst1sec04.png (PNG copy)>]
<tmppoly_MBwhDst1sec05.png, id=614, 712.6625pt x 383.4325pt>
File: tmppoly_MBwhDst1sec05.png Graphic file (type png)

<use tmppoly_MBwhDst1sec05.png> [69

 <./tmppoly_MBwhDst1sec05.png (PNG copy)>]
<tmppoly_MBwhDst1sec06.png, id=620, 712.6625pt x 383.4325pt>
File: tmppoly_MBwhDst1sec06.png Graphic file (type png)

<use tmppoly_MBwhDst1sec06.png> [70

 <./tmppoly_MBwhDst1sec06.png (PNG copy)>]
<tmppoly_MBwhDst1sec08.png, id=626, 712.6625pt x 383.4325pt>
File: tmppoly_MBwhDst1sec08.png Graphic file (type png)

<use tmppoly_MBwhDst1sec08.png> [71

 <./tmppoly_MBwhDst1sec08.png (PNG copy)>]
<tmppoly_MBwhDst1sec09.png, id=632, 712.6625pt x 383.4325pt>
File: tmppoly_MBwhDst1sec09.png Graphic file (type png)

<use tmppoly_MBwhDst1sec09.png> [72

 <./tmppoly_MBwhDst1sec09.png (PNG copy)>]
<tmppoly_MBwhDst1sec10.png, id=638, 712.6625pt x 383.4325pt>
File: tmppoly_MBwhDst1sec10.png Graphic file (type png)

<use tmppoly_MBwhDst1sec10.png> [73

 <./tmppoly_MBwhDst1sec10.png (PNG copy)>]
<tmppoly_MBwhDst1sec11.png, id=645, 712.6625pt x 383.4325pt>
File: tmppoly_MBwhDst1sec11.png Graphic file (type png)

<use tmppoly_MBwhDst1sec11.png> [74

 <./tmppoly_MBwhDst1sec11.png (PNG copy)>]
<tmppoly_MBwhDst1sec12.png, id=651, 712.6625pt x 383.4325pt>
File: tmppoly_MBwhDst1sec12.png Graphic file (type png)

<use tmppoly_MBwhDst1sec12.png> [75

 <./tmppoly_MBwhDst1sec12.png (PNG copy)>]
<tmppoly_MBwhDst2sec03.png, id=657, 712.6625pt x 383.4325pt>
File: tmppoly_MBwhDst2sec03.png Graphic file (type png)

<use tmppoly_MBwhDst2sec03.png> [76

 <./tmppoly_MBwhDst2sec03.png (PNG copy)>]
<tmppoly_MBwhDst2sec04.png, id=663, 712.6625pt x 383.4325pt>
File: tmppoly_MBwhDst2sec04.png Graphic file (type png)

<use tmppoly_MBwhDst2sec04.png> [77

 <./tmppoly_MBwhDst2sec04.png (PNG copy)>]
<tmppoly_MBwhDst2sec05.png, id=669, 712.6625pt x 383.4325pt>
File: tmppoly_MBwhDst2sec05.png Graphic file (type png)

<use tmppoly_MBwhDst2sec05.png> [78

 <./tmppoly_MBwhDst2sec05.png (PNG copy)>]
<tmppoly_MBwhDst2sec06.png, id=675, 712.6625pt x 383.4325pt>
File: tmppoly_MBwhDst2sec06.png Graphic file (type png)

<use tmppoly_MBwhDst2sec06.png> [79

 <./tmppoly_MBwhDst2sec06.png (PNG copy)>]
<tmppoly_MBwhDst2sec08.png, id=682, 712.6625pt x 383.4325pt>
File: tmppoly_MBwhDst2sec08.png Graphic file (type png)

<use tmppoly_MBwhDst2sec08.png> [80

 <./tmppoly_MBwhDst2sec08.png (PNG copy)>]
<tmppoly_MBwhDst2sec09.png, id=688, 712.6625pt x 383.4325pt>
File: tmppoly_MBwhDst2sec09.png Graphic file (type png)

<use tmppoly_MBwhDst2sec09.png> [81

 <./tmppoly_MBwhDst2sec09.png (PNG copy)>]
<tmppoly_MBwhDst2sec10.png, id=694, 712.6625pt x 383.4325pt>
File: tmppoly_MBwhDst2sec10.png Graphic file (type png)

<use tmppoly_MBwhDst2sec10.png> [82

 <./tmppoly_MBwhDst2sec10.png (PNG copy)>]
<tmppoly_MBwhDst2sec11.png, id=700, 712.6625pt x 383.4325pt>
File: tmppoly_MBwhDst2sec11.png Graphic file (type png)

<use tmppoly_MBwhDst2sec11.png> [83

 <./tmppoly_MBwhDst2sec11.png (PNG copy)>]
<tmppoly_MBwhDst2sec12.png, id=706, 712.6625pt x 383.4325pt>
File: tmppoly_MBwhDst2sec12.png Graphic file (type png)

<use tmppoly_MBwhDst2sec12.png> [84

 <./tmppoly_MBwhDst2sec12.png (PNG copy)>]
<tmppoly_MBwhDst3sec02.png, id=712, 712.6625pt x 383.4325pt>
File: tmppoly_MBwhDst3sec02.png Graphic file (type png)

<use tmppoly_MBwhDst3sec02.png> [85

 <./tmppoly_MBwhDst3sec02.png (PNG copy)>]
<tmppoly_MBwhDst3sec03.png, id=719, 712.6625pt x 383.4325pt>
File: tmppoly_MBwhDst3sec03.png Graphic file (type png)

<use tmppoly_MBwhDst3sec03.png> [86

 <./tmppoly_MBwhDst3sec03.png (PNG copy)>]
<tmppoly_MBwhDst3sec04.png, id=725, 712.6625pt x 383.4325pt>
File: tmppoly_MBwhDst3sec04.png Graphic file (type png)

<use tmppoly_MBwhDst3sec04.png> [87

 <./tmppoly_MBwhDst3sec04.png (PNG copy)>]
<tmppoly_MBwhDst3sec05.png, id=731, 712.6625pt x 383.4325pt>
File: tmppoly_MBwhDst3sec05.png Graphic file (type png)

<use tmppoly_MBwhDst3sec05.png> [88

 <./tmppoly_MBwhDst3sec05.png (PNG copy)>]
<tmppoly_MBwhDst3sec06.png, id=737, 712.6625pt x 383.4325pt>
File: tmppoly_MBwhDst3sec06.png Graphic file (type png)

<use tmppoly_MBwhDst3sec06.png> [89

 <./tmppoly_MBwhDst3sec06.png (PNG copy)>]
<tmppoly_MBwhDst3sec09.png, id=743, 712.6625pt x 383.4325pt>
File: tmppoly_MBwhDst3sec09.png Graphic file (type png)

<use tmppoly_MBwhDst3sec09.png> [90

 <./tmppoly_MBwhDst3sec09.png (PNG copy)>]
<tmppoly_MBwhDst3sec10.png, id=749, 712.6625pt x 383.4325pt>
File: tmppoly_MBwhDst3sec10.png Graphic file (type png)

<use tmppoly_MBwhDst3sec10.png> [91

 <./tmppoly_MBwhDst3sec10.png (PNG copy)>]
<tmppoly_MBwhDst3sec11.png, id=756, 712.6625pt x 383.4325pt>
File: tmppoly_MBwhDst3sec11.png Graphic file (type png)

<use tmppoly_MBwhDst3sec11.png> [92

 <./tmppoly_MBwhDst3sec11.png (PNG copy)>]
<tmppoly_MBwhDst3sec12.png, id=762, 712.6625pt x 383.4325pt>
File: tmppoly_MBwhDst3sec12.png Graphic file (type png)

<use tmppoly_MBwhDst3sec12.png> [93

 <./tmppoly_MBwhDst3sec12.png (PNG copy)>]
<tmpbell_MBwhBst1sec02.png, id=768, 712.6625pt x 383.4325pt>
File: tmpbell_MBwhBst1sec02.png Graphic file (type png)

<use tmpbell_MBwhBst1sec02.png> [94

 <./tmpbell_MBwhBst1sec02.png (PNG copy)>]
<tmpbell_MBwhBst1sec03.png, id=774, 712.6625pt x 383.4325pt>
File: tmpbell_MBwhBst1sec03.png Graphic file (type png)

<use tmpbell_MBwhBst1sec03.png> [95

 <./tmpbell_MBwhBst1sec03.png (PNG copy)>]
<tmpbell_MBwhBst1sec04.png, id=780, 712.6625pt x 383.4325pt>
File: tmpbell_MBwhBst1sec04.png Graphic file (type png)

<use tmpbell_MBwhBst1sec04.png> [96

 <./tmpbell_MBwhBst1sec04.png (PNG copy)>]
<tmpbell_MBwhBst1sec05.png, id=786, 712.6625pt x 383.4325pt>
File: tmpbell_MBwhBst1sec05.png Graphic file (type png)

<use tmpbell_MBwhBst1sec05.png> [97

 <./tmpbell_MBwhBst1sec05.png (PNG copy)>]
<tmpbell_MBwhBst1sec06.png, id=793, 712.6625pt x 383.4325pt>
File: tmpbell_MBwhBst1sec06.png Graphic file (type png)

<use tmpbell_MBwhBst1sec06.png> [98

 <./tmpbell_MBwhBst1sec06.png (PNG copy)>]
<tmpbell_MBwhBst1sec08.png, id=799, 712.6625pt x 383.4325pt>
File: tmpbell_MBwhBst1sec08.png Graphic file (type png)

<use tmpbell_MBwhBst1sec08.png> [99

 <./tmpbell_MBwhBst1sec08.png (PNG copy)>]
<tmpbell_MBwhBst1sec09.png, id=805, 712.6625pt x 383.4325pt>
File: tmpbell_MBwhBst1sec09.png Graphic file (type png)

<use tmpbell_MBwhBst1sec09.png> [100

 <./tmpbell_MBwhBst1sec09.png (PNG copy)>]
<tmpbell_MBwhBst1sec10.png, id=811, 712.6625pt x 383.4325pt>
File: tmpbell_MBwhBst1sec10.png Graphic file (type png)

<use tmpbell_MBwhBst1sec10.png> [101

 <./tmpbell_MBwhBst1sec10.png (PNG copy)>]
<tmpbell_MBwhBst1sec11.png, id=817, 712.6625pt x 383.4325pt>
File: tmpbell_MBwhBst1sec11.png Graphic file (type png)

<use tmpbell_MBwhBst1sec11.png> [102

 <./tmpbell_MBwhBst1sec11.png (PNG copy)>]
<tmpbell_MBwhBst1sec12.png, id=823, 712.6625pt x 383.4325pt>
File: tmpbell_MBwhBst1sec12.png Graphic file (type png)

<use tmpbell_MBwhBst1sec12.png> [103

 <./tmpbell_MBwhBst1sec12.png (PNG copy)>]
<tmpbell_MBwhBst2sec02.png, id=830, 712.6625pt x 383.4325pt>
File: tmpbell_MBwhBst2sec02.png Graphic file (type png)

<use tmpbell_MBwhBst2sec02.png> [104

 <./tmpbell_MBwhBst2sec02.png (PNG copy)>]
<tmpbell_MBwhBst2sec03.png, id=836, 712.6625pt x 383.4325pt>
File: tmpbell_MBwhBst2sec03.png Graphic file (type png)

<use tmpbell_MBwhBst2sec03.png> [105

 <./tmpbell_MBwhBst2sec03.png (PNG copy)>]
<tmpbell_MBwhBst2sec04.png, id=842, 712.6625pt x 383.4325pt>
File: tmpbell_MBwhBst2sec04.png Graphic file (type png)

<use tmpbell_MBwhBst2sec04.png> [106

 <./tmpbell_MBwhBst2sec04.png (PNG copy)>]
<tmpbell_MBwhBst2sec05.png, id=848, 712.6625pt x 383.4325pt>
File: tmpbell_MBwhBst2sec05.png Graphic file (type png)

<use tmpbell_MBwhBst2sec05.png> [107

 <./tmpbell_MBwhBst2sec05.png (PNG copy)>]
<tmpbell_MBwhBst2sec06.png, id=854, 712.6625pt x 383.4325pt>
File: tmpbell_MBwhBst2sec06.png Graphic file (type png)

<use tmpbell_MBwhBst2sec06.png> [108

 <./tmpbell_MBwhBst2sec06.png (PNG copy)>]
<tmpbell_MBwhBst2sec09.png, id=860, 712.6625pt x 383.4325pt>
File: tmpbell_MBwhBst2sec09.png Graphic file (type png)

<use tmpbell_MBwhBst2sec09.png> [109

 <./tmpbell_MBwhBst2sec09.png (PNG copy)>]
<tmpbell_MBwhBst2sec10.png, id=867, 712.6625pt x 383.4325pt>
File: tmpbell_MBwhBst2sec10.png Graphic file (type png)

<use tmpbell_MBwhBst2sec10.png> [110

 <./tmpbell_MBwhBst2sec10.png (PNG copy)>]
<tmpbell_MBwhBst2sec11.png, id=873, 712.6625pt x 383.4325pt>
File: tmpbell_MBwhBst2sec11.png Graphic file (type png)

<use tmpbell_MBwhBst2sec11.png> [111

 <./tmpbell_MBwhBst2sec11.png (PNG copy)>]
<tmpbell_MBwhBst2sec12.png, id=879, 712.6625pt x 383.4325pt>
File: tmpbell_MBwhBst2sec12.png Graphic file (type png)

<use tmpbell_MBwhBst2sec12.png> [112

 <./tmpbell_MBwhBst2sec12.png (PNG copy)>]
<tmpbell_MBwhBst3sec02.png, id=885, 712.6625pt x 383.4325pt>
File: tmpbell_MBwhBst3sec02.png Graphic file (type png)

<use tmpbell_MBwhBst3sec02.png> [113

 <./tmpbell_MBwhBst3sec02.png (PNG copy)>]
<tmpbell_MBwhBst3sec03.png, id=891, 712.6625pt x 383.4325pt>
File: tmpbell_MBwhBst3sec03.png Graphic file (type png)

<use tmpbell_MBwhBst3sec03.png> [114

 <./tmpbell_MBwhBst3sec03.png (PNG copy)>]
<tmpbell_MBwhBst3sec04.png, id=897, 712.6625pt x 383.4325pt>
File: tmpbell_MBwhBst3sec04.png Graphic file (type png)

<use tmpbell_MBwhBst3sec04.png> [115

 <./tmpbell_MBwhBst3sec04.png (PNG copy)>]
<tmpbell_MBwhBst3sec05.png, id=904, 712.6625pt x 383.4325pt>
File: tmpbell_MBwhBst3sec05.png Graphic file (type png)

<use tmpbell_MBwhBst3sec05.png> [116

 <./tmpbell_MBwhBst3sec05.png (PNG copy)>]
<tmpbell_MBwhBst3sec06.png, id=910, 712.6625pt x 383.4325pt>
File: tmpbell_MBwhBst3sec06.png Graphic file (type png)

<use tmpbell_MBwhBst3sec06.png> [117

 <./tmpbell_MBwhBst3sec06.png (PNG copy)>]
<tmpbell_MBwhBst3sec08.png, id=916, 712.6625pt x 383.4325pt>
File: tmpbell_MBwhBst3sec08.png Graphic file (type png)

<use tmpbell_MBwhBst3sec08.png> [118

 <./tmpbell_MBwhBst3sec08.png (PNG copy)>]
<tmpbell_MBwhBst3sec09.png, id=922, 712.6625pt x 383.4325pt>
File: tmpbell_MBwhBst3sec09.png Graphic file (type png)

<use tmpbell_MBwhBst3sec09.png> [119

 <./tmpbell_MBwhBst3sec09.png (PNG copy)>]
<tmpbell_MBwhBst3sec10.png, id=928, 712.6625pt x 383.4325pt>
File: tmpbell_MBwhBst3sec10.png Graphic file (type png)

<use tmpbell_MBwhBst3sec10.png> [120

 <./tmpbell_MBwhBst3sec10.png (PNG copy)>]
<tmpbell_MBwhBst3sec11.png, id=934, 712.6625pt x 383.4325pt>
File: tmpbell_MBwhBst3sec11.png Graphic file (type png)

<use tmpbell_MBwhBst3sec11.png> [121

 <./tmpbell_MBwhBst3sec11.png (PNG copy)>]
<tmpbell_MBwhBst3sec12.png, id=941, 712.6625pt x 383.4325pt>
File: tmpbell_MBwhBst3sec12.png Graphic file (type png)

<use tmpbell_MBwhBst3sec12.png> [122

 <./tmpbell_MBwhBst3sec12.png (PNG copy)>]
<tmpbell_MBwhCst1sec02.png, id=947, 712.6625pt x 383.4325pt>
File: tmpbell_MBwhCst1sec02.png Graphic file (type png)

<use tmpbell_MBwhCst1sec02.png> [123

 <./tmpbell_MBwhCst1sec02.png (PNG copy)>]
<tmpbell_MBwhCst1sec03.png, id=953, 712.6625pt x 383.4325pt>
File: tmpbell_MBwhCst1sec03.png Graphic file (type png)

<use tmpbell_MBwhCst1sec03.png> [124

 <./tmpbell_MBwhCst1sec03.png (PNG copy)>]
<tmpbell_MBwhCst1sec04.png, id=959, 712.6625pt x 383.4325pt>
File: tmpbell_MBwhCst1sec04.png Graphic file (type png)

<use tmpbell_MBwhCst1sec04.png> [125

 <./tmpbell_MBwhCst1sec04.png (PNG copy)>]
<tmpbell_MBwhCst1sec05.png, id=965, 712.6625pt x 383.4325pt>
File: tmpbell_MBwhCst1sec05.png Graphic file (type png)

<use tmpbell_MBwhCst1sec05.png> [126

 <./tmpbell_MBwhCst1sec05.png (PNG copy)>]
<tmpbell_MBwhCst1sec06.png, id=971, 712.6625pt x 383.4325pt>
File: tmpbell_MBwhCst1sec06.png Graphic file (type png)

<use tmpbell_MBwhCst1sec06.png> [127

 <./tmpbell_MBwhCst1sec06.png (PNG copy)>]
<tmpbell_MBwhCst1sec08.png, id=978, 712.6625pt x 383.4325pt>
File: tmpbell_MBwhCst1sec08.png Graphic file (type png)

<use tmpbell_MBwhCst1sec08.png> [128

 <./tmpbell_MBwhCst1sec08.png (PNG copy)>]
<tmpbell_MBwhCst1sec09.png, id=984, 712.6625pt x 383.4325pt>
File: tmpbell_MBwhCst1sec09.png Graphic file (type png)

<use tmpbell_MBwhCst1sec09.png> [129

 <./tmpbell_MBwhCst1sec09.png (PNG copy)>]
<tmpbell_MBwhCst1sec10.png, id=990, 712.6625pt x 383.4325pt>
File: tmpbell_MBwhCst1sec10.png Graphic file (type png)

<use tmpbell_MBwhCst1sec10.png> [130

 <./tmpbell_MBwhCst1sec10.png (PNG copy)>]
<tmpbell_MBwhCst1sec11.png, id=996, 712.6625pt x 383.4325pt>
File: tmpbell_MBwhCst1sec11.png Graphic file (type png)

<use tmpbell_MBwhCst1sec11.png> [131

 <./tmpbell_MBwhCst1sec11.png (PNG copy)>]
<tmpbell_MBwhCst1sec12.png, id=1002, 712.6625pt x 383.4325pt>
File: tmpbell_MBwhCst1sec12.png Graphic file (type png)

<use tmpbell_MBwhCst1sec12.png> [132

 <./tmpbell_MBwhCst1sec12.png (PNG copy)>]
<tmpbell_MBwhCst2sec02.png, id=1008, 712.6625pt x 383.4325pt>
File: tmpbell_MBwhCst2sec02.png Graphic file (type png)

<use tmpbell_MBwhCst2sec02.png> [133

 <./tmpbell_MBwhCst2sec02.png (PNG copy)>]
<tmpbell_MBwhCst2sec03.png, id=1015, 712.6625pt x 383.4325pt>
File: tmpbell_MBwhCst2sec03.png Graphic file (type png)

<use tmpbell_MBwhCst2sec03.png> [134

 <./tmpbell_MBwhCst2sec03.png (PNG copy)>]
<tmpbell_MBwhCst2sec04.png, id=1021, 712.6625pt x 383.4325pt>
File: tmpbell_MBwhCst2sec04.png Graphic file (type png)

<use tmpbell_MBwhCst2sec04.png> [135

 <./tmpbell_MBwhCst2sec04.png (PNG copy)>]
<tmpbell_MBwhCst2sec05.png, id=1027, 712.6625pt x 383.4325pt>
File: tmpbell_MBwhCst2sec05.png Graphic file (type png)

<use tmpbell_MBwhCst2sec05.png> [136

 <./tmpbell_MBwhCst2sec05.png (PNG copy)>]
<tmpbell_MBwhCst2sec06.png, id=1033, 712.6625pt x 383.4325pt>
File: tmpbell_MBwhCst2sec06.png Graphic file (type png)

<use tmpbell_MBwhCst2sec06.png> [137

 <./tmpbell_MBwhCst2sec06.png (PNG copy)>]
<tmpbell_MBwhCst2sec08.png, id=1039, 712.6625pt x 383.4325pt>
File: tmpbell_MBwhCst2sec08.png Graphic file (type png)

<use tmpbell_MBwhCst2sec08.png> [138

 <./tmpbell_MBwhCst2sec08.png (PNG copy)>]
<tmpbell_MBwhCst2sec09.png, id=1045, 712.6625pt x 383.4325pt>
File: tmpbell_MBwhCst2sec09.png Graphic file (type png)

<use tmpbell_MBwhCst2sec09.png> [139

 <./tmpbell_MBwhCst2sec09.png (PNG copy)>]
<tmpbell_MBwhCst2sec10.png, id=1052, 712.6625pt x 383.4325pt>
File: tmpbell_MBwhCst2sec10.png Graphic file (type png)

<use tmpbell_MBwhCst2sec10.png> [140

 <./tmpbell_MBwhCst2sec10.png (PNG copy)>]
<tmpbell_MBwhCst2sec11.png, id=1058, 712.6625pt x 383.4325pt>
File: tmpbell_MBwhCst2sec11.png Graphic file (type png)

<use tmpbell_MBwhCst2sec11.png> [141

 <./tmpbell_MBwhCst2sec11.png (PNG copy)>]
<tmpbell_MBwhCst2sec12.png, id=1064, 712.6625pt x 383.4325pt>
File: tmpbell_MBwhCst2sec12.png Graphic file (type png)

<use tmpbell_MBwhCst2sec12.png> [142

 <./tmpbell_MBwhCst2sec12.png (PNG copy)>]
<tmpbell_MBwhCst3sec02.png, id=1070, 712.6625pt x 383.4325pt>
File: tmpbell_MBwhCst3sec02.png Graphic file (type png)

<use tmpbell_MBwhCst3sec02.png> [143

 <./tmpbell_MBwhCst3sec02.png (PNG copy)>]
<tmpbell_MBwhCst3sec03.png, id=1076, 712.6625pt x 383.4325pt>
File: tmpbell_MBwhCst3sec03.png Graphic file (type png)

<use tmpbell_MBwhCst3sec03.png> [144

 <./tmpbell_MBwhCst3sec03.png (PNG copy)>]
<tmpbell_MBwhCst3sec04.png, id=1082, 712.6625pt x 383.4325pt>
File: tmpbell_MBwhCst3sec04.png Graphic file (type png)

<use tmpbell_MBwhCst3sec04.png> [145

 <./tmpbell_MBwhCst3sec04.png (PNG copy)>]
<tmpbell_MBwhCst3sec05.png, id=1089, 712.6625pt x 383.4325pt>
File: tmpbell_MBwhCst3sec05.png Graphic file (type png)

<use tmpbell_MBwhCst3sec05.png> [146

 <./tmpbell_MBwhCst3sec05.png (PNG copy)>]
<tmpbell_MBwhCst3sec06.png, id=1095, 712.6625pt x 383.4325pt>
File: tmpbell_MBwhCst3sec06.png Graphic file (type png)

<use tmpbell_MBwhCst3sec06.png> [147

 <./tmpbell_MBwhCst3sec06.png (PNG copy)>]
<tmpbell_MBwhCst3sec08.png, id=1101, 712.6625pt x 383.4325pt>
File: tmpbell_MBwhCst3sec08.png Graphic file (type png)

<use tmpbell_MBwhCst3sec08.png> [148

 <./tmpbell_MBwhCst3sec08.png (PNG copy)>]
<tmpbell_MBwhCst3sec09.png, id=1107, 712.6625pt x 383.4325pt>
File: tmpbell_MBwhCst3sec09.png Graphic file (type png)

<use tmpbell_MBwhCst3sec09.png> [149

 <./tmpbell_MBwhCst3sec09.png (PNG copy)>]
<tmpbell_MBwhCst3sec10.png, id=1113, 712.6625pt x 383.4325pt>
File: tmpbell_MBwhCst3sec10.png Graphic file (type png)

<use tmpbell_MBwhCst3sec10.png> [150

 <./tmpbell_MBwhCst3sec10.png (PNG copy)>]
<tmpbell_MBwhCst3sec11.png, id=1119, 712.6625pt x 383.4325pt>
File: tmpbell_MBwhCst3sec11.png Graphic file (type png)

<use tmpbell_MBwhCst3sec11.png> [151

 <./tmpbell_MBwhCst3sec11.png (PNG copy)>]
<tmpbell_MBwhCst3sec12.png, id=1126, 712.6625pt x 383.4325pt>
File: tmpbell_MBwhCst3sec12.png Graphic file (type png)

<use tmpbell_MBwhCst3sec12.png> [152

 <./tmpbell_MBwhCst3sec12.png (PNG copy)>]
<tmpbell_MBwhDst1sec02.png, id=1132, 712.6625pt x 383.4325pt>
File: tmpbell_MBwhDst1sec02.png Graphic file (type png)

<use tmpbell_MBwhDst1sec02.png> [153

 <./tmpbell_MBwhDst1sec02.png (PNG copy)>]
<tmpbell_MBwhDst1sec03.png, id=1138, 712.6625pt x 383.4325pt>
File: tmpbell_MBwhDst1sec03.png Graphic file (type png)

<use tmpbell_MBwhDst1sec03.png> [154

 <./tmpbell_MBwhDst1sec03.png (PNG copy)>]
<tmpbell_MBwhDst1sec04.png, id=1144, 712.6625pt x 383.4325pt>
File: tmpbell_MBwhDst1sec04.png Graphic file (type png)

<use tmpbell_MBwhDst1sec04.png> [155

 <./tmpbell_MBwhDst1sec04.png (PNG copy)>]
<tmpbell_MBwhDst1sec05.png, id=1150, 712.6625pt x 383.4325pt>
File: tmpbell_MBwhDst1sec05.png Graphic file (type png)

<use tmpbell_MBwhDst1sec05.png> [156

 <./tmpbell_MBwhDst1sec05.png (PNG copy)>]
<tmpbell_MBwhDst1sec06.png, id=1156, 712.6625pt x 383.4325pt>
File: tmpbell_MBwhDst1sec06.png Graphic file (type png)

<use tmpbell_MBwhDst1sec06.png> [157

 <./tmpbell_MBwhDst1sec06.png (PNG copy)>]
<tmpbell_MBwhDst1sec08.png, id=1163, 712.6625pt x 383.4325pt>
File: tmpbell_MBwhDst1sec08.png Graphic file (type png)

<use tmpbell_MBwhDst1sec08.png> [158

 <./tmpbell_MBwhDst1sec08.png (PNG copy)>]
<tmpbell_MBwhDst1sec09.png, id=1169, 712.6625pt x 383.4325pt>
File: tmpbell_MBwhDst1sec09.png Graphic file (type png)

<use tmpbell_MBwhDst1sec09.png> [159

 <./tmpbell_MBwhDst1sec09.png (PNG copy)>]
<tmpbell_MBwhDst1sec10.png, id=1175, 712.6625pt x 383.4325pt>
File: tmpbell_MBwhDst1sec10.png Graphic file (type png)

<use tmpbell_MBwhDst1sec10.png> [160

 <./tmpbell_MBwhDst1sec10.png (PNG copy)>]
<tmpbell_MBwhDst1sec11.png, id=1181, 712.6625pt x 383.4325pt>
File: tmpbell_MBwhDst1sec11.png Graphic file (type png)

<use tmpbell_MBwhDst1sec11.png> [161

 <./tmpbell_MBwhDst1sec11.png (PNG copy)>]
<tmpbell_MBwhDst1sec12.png, id=1187, 712.6625pt x 383.4325pt>
File: tmpbell_MBwhDst1sec12.png Graphic file (type png)

<use tmpbell_MBwhDst1sec12.png> [162

 <./tmpbell_MBwhDst1sec12.png (PNG copy)>]
<tmpbell_MBwhDst2sec03.png, id=1193, 712.6625pt x 383.4325pt>
File: tmpbell_MBwhDst2sec03.png Graphic file (type png)

<use tmpbell_MBwhDst2sec03.png> [163

 <./tmpbell_MBwhDst2sec03.png (PNG copy)>]
<tmpbell_MBwhDst2sec04.png, id=1200, 712.6625pt x 383.4325pt>
File: tmpbell_MBwhDst2sec04.png Graphic file (type png)

<use tmpbell_MBwhDst2sec04.png> [164

 <./tmpbell_MBwhDst2sec04.png (PNG copy)>]
<tmpbell_MBwhDst2sec05.png, id=1206, 712.6625pt x 383.4325pt>
File: tmpbell_MBwhDst2sec05.png Graphic file (type png)

<use tmpbell_MBwhDst2sec05.png> [165

 <./tmpbell_MBwhDst2sec05.png (PNG copy)>]
<tmpbell_MBwhDst2sec06.png, id=1212, 712.6625pt x 383.4325pt>
File: tmpbell_MBwhDst2sec06.png Graphic file (type png)

<use tmpbell_MBwhDst2sec06.png> [166

 <./tmpbell_MBwhDst2sec06.png (PNG copy)>]
<tmpbell_MBwhDst2sec08.png, id=1218, 712.6625pt x 383.4325pt>
File: tmpbell_MBwhDst2sec08.png Graphic file (type png)

<use tmpbell_MBwhDst2sec08.png> [167

 <./tmpbell_MBwhDst2sec08.png (PNG copy)>]
<tmpbell_MBwhDst2sec09.png, id=1224, 712.6625pt x 383.4325pt>
File: tmpbell_MBwhDst2sec09.png Graphic file (type png)

<use tmpbell_MBwhDst2sec09.png> [168

 <./tmpbell_MBwhDst2sec09.png (PNG copy)>]
<tmpbell_MBwhDst2sec10.png, id=1230, 712.6625pt x 383.4325pt>
File: tmpbell_MBwhDst2sec10.png Graphic file (type png)

<use tmpbell_MBwhDst2sec10.png> [169

 <./tmpbell_MBwhDst2sec10.png (PNG copy)>]
<tmpbell_MBwhDst2sec11.png, id=1237, 712.6625pt x 383.4325pt>
File: tmpbell_MBwhDst2sec11.png Graphic file (type png)

<use tmpbell_MBwhDst2sec11.png> [170

 <./tmpbell_MBwhDst2sec11.png (PNG copy)>]
<tmpbell_MBwhDst2sec12.png, id=1243, 712.6625pt x 383.4325pt>
File: tmpbell_MBwhDst2sec12.png Graphic file (type png)

<use tmpbell_MBwhDst2sec12.png> [171

 <./tmpbell_MBwhDst2sec12.png (PNG copy)>]
<tmpbell_MBwhDst3sec02.png, id=1249, 712.6625pt x 383.4325pt>
File: tmpbell_MBwhDst3sec02.png Graphic file (type png)

<use tmpbell_MBwhDst3sec02.png> [172

 <./tmpbell_MBwhDst3sec02.png (PNG copy)>]
<tmpbell_MBwhDst3sec03.png, id=1255, 712.6625pt x 383.4325pt>
File: tmpbell_MBwhDst3sec03.png Graphic file (type png)

<use tmpbell_MBwhDst3sec03.png> [173

 <./tmpbell_MBwhDst3sec03.png (PNG copy)>]
<tmpbell_MBwhDst3sec04.png, id=1261, 712.6625pt x 383.4325pt>
File: tmpbell_MBwhDst3sec04.png Graphic file (type png)

<use tmpbell_MBwhDst3sec04.png> [174

 <./tmpbell_MBwhDst3sec04.png (PNG copy)>]
<tmpbell_MBwhDst3sec05.png, id=1267, 712.6625pt x 383.4325pt>
File: tmpbell_MBwhDst3sec05.png Graphic file (type png)

<use tmpbell_MBwhDst3sec05.png> [175

 <./tmpbell_MBwhDst3sec05.png (PNG copy)>]
<tmpbell_MBwhDst3sec06.png, id=1274, 712.6625pt x 383.4325pt>
File: tmpbell_MBwhDst3sec06.png Graphic file (type png)

<use tmpbell_MBwhDst3sec06.png> [176

 <./tmpbell_MBwhDst3sec06.png (PNG copy)>]
<tmpbell_MBwhDst3sec09.png, id=1280, 712.6625pt x 383.4325pt>
File: tmpbell_MBwhDst3sec09.png Graphic file (type png)

<use tmpbell_MBwhDst3sec09.png> [177

 <./tmpbell_MBwhDst3sec09.png (PNG copy)>]
<tmpbell_MBwhDst3sec10.png, id=1286, 712.6625pt x 383.4325pt>
File: tmpbell_MBwhDst3sec10.png Graphic file (type png)

<use tmpbell_MBwhDst3sec10.png> [178

 <./tmpbell_MBwhDst3sec10.png (PNG copy)>]
<tmpbell_MBwhDst3sec11.png, id=1292, 712.6625pt x 383.4325pt>
File: tmpbell_MBwhDst3sec11.png Graphic file (type png)

<use tmpbell_MBwhDst3sec11.png> [179

 <./tmpbell_MBwhDst3sec11.png (PNG copy)>]
<tmpbell_MBwhDst3sec12.png, id=1298, 712.6625pt x 383.4325pt>
File: tmpbell_MBwhDst3sec12.png Graphic file (type png)

<use tmpbell_MBwhDst3sec12.png> [180

 <./tmpbell_MBwhDst3sec12.png (PNG copy)>]
\tf@nav=\write5
\openout5 = `data_fits.nav'.

\tf@toc=\write6
\openout6 = `data_fits.toc'.

\tf@snm=\write7
\openout7 = `data_fits.snm'.


(./data_fits.aux)

LaTeX Font Warning: Size substitutions with differences
(Font)              up to 1.0pt have occurred.

 ) 
Here is how much of TeX's memory you used:
 13069 strings out of 95086
 232980 string characters out of 1183256
 264962 words of memory out of 1500000
 15442 multiletter control sequences out of 10000+50000
 15235 words of font info for 57 fonts, out of 1200000 for 2000
 28 hyphenation exceptions out of 8191
 41i,11n,51p,345b,395s stack positions out of 5000i,500n,6000p,200000b,5000s
</usr/share/texmf-texlive/fonts/type1/bluesky/cm/cmmi10.pfb></usr/share/texmf
-texlive/fonts/type1/bluesky/cm/cmmi8.pfb></usr/share/texmf-texlive/fonts/type1
/bluesky/cm/cmss10.pfb></usr/share/texmf-texlive/fonts/type1/bluesky/cm/cmss12.
pfb></usr/share/texmf-texlive/fonts/type1/bluesky/cm/cmss8.pfb></usr/share/texm
f-texlive/fonts/type1/bluesky/cm/cmssi10.pfb></usr/share/texmf-texlive/fonts/ty
pe1/bluesky/cm/cmssi8.pfb></usr/share/texmf-texlive/fonts/type1/bluesky/cm/cmsy
10.pfb></usr/share/texmf-texlive/fonts/type1/bluesky/cm/cmsy6.pfb></usr/share/t
exmf-texlive/fonts/type1/bluesky/cm/cmsy8.pfb></usr/share/texmf-texlive/fonts/t
ype1/public/cmex/fmex8.pfb></usr/share/texmf-texlive/fonts/type1/bluesky/ams/ms
am7.pfb>
Output written on data_fits.pdf (180 pages, 3842804 bytes).
PDF statistics:
 1424 PDF objects out of 1440 (max. 8388607)
 361 named destinations out of 1000 (max. 131072)
 927 words of extra memory for PDF output out of 10000 (max. 10000000)

